Using pre-set license
Built from '2021.3/staging' branch; Version is '2021.3.4f1 (cb45f9cae8b7) revision 13321721'; Using compiler version '192829333'; Build Type 'Release'
OS: 'Windows 10  (10.0.19043) 64bit Core' Language: 'en' Physical Memory: 8190 MB
BatchMode: 1, IsHumanControllingUs: 0, StartBugReporterOnCrash: 0, Is64bit: 1, IsPro: 1

COMMAND LINE ARGUMENTS:
D:\daasdasd\New folder\Editor\Unity.exe
-adb2
-batchMode
-noUpm
-name
AssetImportWorker3
-projectPath
C:/Users/COMPUTER/Documents/GitHub/Mario/TCG_Bot/TCG
-logFile
Logs/AssetImportWorker3.log
-srvPort
60797
Successfully changed project path to: C:/Users/COMPUTER/Documents/GitHub/Mario/TCG_Bot/TCG
C:/Users/COMPUTER/Documents/GitHub/Mario/TCG_Bot/TCG
[UnityMemory] Configuration Parameters - Can be set up in boot.config
    "memorysetup-bucket-allocator-granularity=16"
    "memorysetup-bucket-allocator-bucket-count=8"
    "memorysetup-bucket-allocator-block-size=33554432"
    "memorysetup-bucket-allocator-block-count=8"
    "memorysetup-main-allocator-block-size=16777216"
    "memorysetup-thread-allocator-block-size=16777216"
    "memorysetup-gfx-main-allocator-block-size=16777216"
    "memorysetup-gfx-thread-allocator-block-size=16777216"
    "memorysetup-cache-allocator-block-size=4194304"
    "memorysetup-typetree-allocator-block-size=2097152"
    "memorysetup-profiler-bucket-allocator-granularity=16"
    "memorysetup-profiler-bucket-allocator-bucket-count=8"
    "memorysetup-profiler-bucket-allocator-block-size=33554432"
    "memorysetup-profiler-bucket-allocator-block-count=8"
    "memorysetup-profiler-allocator-block-size=16777216"
    "memorysetup-profiler-editor-allocator-block-size=1048576"
    "memorysetup-temp-allocator-size-main=16777216"
    "memorysetup-job-temp-allocator-block-size=2097152"
    "memorysetup-job-temp-allocator-block-size-background=1048576"
    "memorysetup-job-temp-allocator-reduction-small-platforms=262144"
    "memorysetup-temp-allocator-size-background-worker=32768"
    "memorysetup-temp-allocator-size-job-worker=262144"
    "memorysetup-temp-allocator-size-preload-manager=33554432"
    "memorysetup-temp-allocator-size-nav-mesh-worker=65536"
    "memorysetup-temp-allocator-size-audio-worker=65536"
    "memorysetup-temp-allocator-size-cloud-worker=32768"
    "memorysetup-temp-allocator-size-gi-baking-worker=262144"
    "memorysetup-temp-allocator-size-gfx=262144"
Refreshing native plugins compatible for Editor in 245.52 ms, found 4 plugins.
Preloading 0 native plugins for Editor in 0.00 ms.
Initialize engine version: 2021.3.4f1 (cb45f9cae8b7)
[Subsystems] Discovering subsystems at path D:/daasdasd/New folder/Editor/Data/Resources/UnitySubsystems
[Subsystems] Discovering subsystems at path C:/Users/COMPUTER/Documents/GitHub/Mario/TCG_Bot/TCG/Assets
GfxDevice: creating device client; threaded=0; jobified=0
Direct3D:
    Version:  Direct3D 11.0 [level 11.0]
    Renderer: NVIDIA GeForce GTX 750 Ti (ID=0x1380)
    Vendor:   NVIDIA
    VRAM:     2007 MB
    Driver:   30.0.14.9649
Initialize mono
Mono path[0] = 'D:/daasdasd/New folder/Editor/Data/Managed'
Mono path[1] = 'D:/daasdasd/New folder/Editor/Data/MonoBleedingEdge/lib/mono/unityjit-win32'
Mono config path = 'D:/daasdasd/New folder/Editor/Data/MonoBleedingEdge/etc'
Using monoOptions --debugger-agent=transport=dt_socket,embedding=1,server=y,suspend=n,address=127.0.0.1:56836
Begin MonoManager ReloadAssembly
Registering precompiled unity dll's ...
Register platform support module: D:/daasdasd/New folder/Editor/Data/PlaybackEngines/WindowsStandaloneSupport/UnityEditor.WindowsStandalone.Extensions.dll
Registered in 0.009530 seconds.
Native extension for WindowsStandalone target not found
Refreshing native plugins compatible for Editor in 258.49 ms, found 4 plugins.
Preloading 0 native plugins for Editor in 0.00 ms.
Mono: successfully reloaded assembly
- Completed reload, in  3.617 seconds
Domain Reload Profiling:
	ReloadAssembly (3619ms)
		BeginReloadAssembly (297ms)
			ExecutionOrderSort (0ms)
			DisableScriptedObjects (0ms)
			BackupInstance (0ms)
			ReleaseScriptingObjects (0ms)
			CreateAndSetChildDomain (1ms)
		EndReloadAssembly (2801ms)
			LoadAssemblies (299ms)
			RebuildTransferFunctionScriptingTraits (0ms)
			SetupTypeCache (814ms)
			ReleaseScriptCaches (0ms)
			RebuildScriptCaches (110ms)
			SetupLoadedEditorAssemblies (1659ms)
				LogAssemblyErrors (0ms)
				InitializePlatformSupportModulesInManaged (32ms)
				SetLoadedEditorAssemblies (2ms)
				RefreshPlugins (259ms)
				BeforeProcessingInitializeOnLoad (3ms)
				ProcessInitializeOnLoadAttributes (1204ms)
				ProcessInitializeOnLoadMethodAttributes (159ms)
				AfterProcessingInitializeOnLoad (0ms)
				EditorAssembliesLoaded (0ms)
			ExecutionOrderSort2 (0ms)
			AwakeInstancesAfterBackupRestoration (0ms)
Platform modules already initialized, skipping
Registering precompiled user dll's ...
Registered in 0.020132 seconds.
Begin MonoManager ReloadAssembly
Symbol file LoadedFromMemory doesn't match image C:\Users\COMPUTER\Documents\GitHub\Mario\TCG_Bot\TCG\Library\PackageCache\com.unity.visualscripting@1.7.8\Editor\VisualScripting.Core\Dependencies\YamlDotNet\Unity.VisualScripting.YamlDotNet.dll
Symbol file LoadedFromMemory doesn't match image C:\Users\COMPUTER\Documents\GitHub\Mario\TCG_Bot\TCG\Library\PackageCache\com.unity.visualscripting@1.7.8\Editor\VisualScripting.Core\Dependencies\DotNetZip\Unity.VisualScripting.IonicZip.dll
Native extension for WindowsStandalone target not found
Refreshing native plugins compatible for Editor in 359.31 ms, found 4 plugins.
Preloading 0 native plugins for Editor in 0.00 ms.
Mono: successfully reloaded assembly
- Completed reload, in  4.149 seconds
Domain Reload Profiling:
	ReloadAssembly (4151ms)
		BeginReloadAssembly (454ms)
			ExecutionOrderSort (0ms)
			DisableScriptedObjects (48ms)
			BackupInstance (0ms)
			ReleaseScriptingObjects (1ms)
			CreateAndSetChildDomain (68ms)
		EndReloadAssembly (3379ms)
			LoadAssemblies (336ms)
			RebuildTransferFunctionScriptingTraits (0ms)
			SetupTypeCache (615ms)
			ReleaseScriptCaches (2ms)
			RebuildScriptCaches (165ms)
			SetupLoadedEditorAssemblies (2192ms)
				LogAssemblyErrors (0ms)
				InitializePlatformSupportModulesInManaged (9ms)
				SetLoadedEditorAssemblies (0ms)
				RefreshPlugins (359ms)
				BeforeProcessingInitializeOnLoad (258ms)
				ProcessInitializeOnLoadAttributes (1401ms)
				ProcessInitializeOnLoadMethodAttributes (157ms)
				AfterProcessingInitializeOnLoad (7ms)
				EditorAssembliesLoaded (0ms)
			ExecutionOrderSort2 (0ms)
			AwakeInstancesAfterBackupRestoration (17ms)
Platform modules already initialized, skipping
========================================================================
Worker process is ready to serve import requests
Launched and connected shader compiler UnityShaderCompiler.exe after 1.87 seconds
Refreshing native plugins compatible for Editor in 7.95 ms, found 4 plugins.
Preloading 0 native plugins for Editor in 0.00 ms.
Unloading 4095 Unused Serialized files (Serialized files now loaded: 0)
Unloading 40 unused Assets / (55.5 KB). Loaded Objects now: 4555.
Memory consumption went from 153.8 MB to 153.7 MB.
Total: 15.618700 ms (FindLiveObjects: 1.047100 ms CreateObjectMapping: 0.672200 ms MarkObjects: 13.699900 ms  DeleteObjects: 0.195900 ms)

AssetImportParameters requested are different than current active one (requested -> active):
  custom:video-decoder-ogg-theora: a1e56fd34408186e4bbccfd4996cb3dc -> 
  custom:container-muxer-webm: aa71ff27fc2769a1b78a27578f13a17b -> 
  custom:container-demuxer-webm: 4f35f7cbe854078d1ac9338744f61a02 -> 
  custom:video-encoder-webm-vp8: eb34c28f22e8b96e1ab97ce403110664 -> 
  custom:audio-encoder-webm-vorbis: bf7c407c2cedff20999df2af8eb42d56 -> 
  custom:framework-win-MediaFoundation: 216162199b28c13a410421893ffa2e32 -> 
  custom:container-demuxer-ogg: 62fdf1f143b41e24485cea50d1cbac27 -> 
  custom:video-decoder-webm-vp8: 9c59270c3fd7afecdb556c50c9e8de78 -> 
  custom:audio-decoder-ogg-vorbis: bf7c407c2cedff20999df2af8eb42d56 -> 
========================================================================
Received Prepare
Registering precompiled user dll's ...
Registered in 0.058294 seconds.
Begin MonoManager ReloadAssembly
Symbol file LoadedFromMemory doesn't match image C:\Users\COMPUTER\Documents\GitHub\Mario\TCG_Bot\TCG\Library\PackageCache\com.unity.visualscripting@1.7.8\Editor\VisualScripting.Core\Dependencies\YamlDotNet\Unity.VisualScripting.YamlDotNet.dll
Symbol file LoadedFromMemory doesn't match image C:\Users\COMPUTER\Documents\GitHub\Mario\TCG_Bot\TCG\Library\PackageCache\com.unity.visualscripting@1.7.8\Editor\VisualScripting.Core\Dependencies\DotNetZip\Unity.VisualScripting.IonicZip.dll
Native extension for WindowsStandalone target not found
Refreshing native plugins compatible for Editor in 2.57 ms, found 4 plugins.
Preloading 0 native plugins for Editor in 0.00 ms.
Mono: successfully reloaded assembly
- Completed reload, in  9.090 seconds
Domain Reload Profiling:
	ReloadAssembly (9092ms)
		BeginReloadAssembly (1263ms)
			ExecutionOrderSort (0ms)
			DisableScriptedObjects (80ms)
			BackupInstance (0ms)
			ReleaseScriptingObjects (0ms)
			CreateAndSetChildDomain (298ms)
		EndReloadAssembly (6678ms)
			LoadAssemblies (892ms)
			RebuildTransferFunctionScriptingTraits (0ms)
			SetupTypeCache (1863ms)
			ReleaseScriptCaches (2ms)
			RebuildScriptCaches (287ms)
			SetupLoadedEditorAssemblies (3919ms)
				LogAssemblyErrors (0ms)
				InitializePlatformSupportModulesInManaged (2308ms)
				SetLoadedEditorAssemblies (2ms)
				RefreshPlugins (3ms)
				BeforeProcessingInitializeOnLoad (314ms)
				ProcessInitializeOnLoadAttributes (1116ms)
				ProcessInitializeOnLoadMethodAttributes (168ms)
				AfterProcessingInitializeOnLoad (8ms)
				EditorAssembliesLoaded (0ms)
			ExecutionOrderSort2 (0ms)
			AwakeInstancesAfterBackupRestoration (38ms)
Platform modules already initialized, skipping
Refreshing native plugins compatible for Editor in 18.38 ms, found 4 plugins.
Preloading 0 native plugins for Editor in 0.00 ms.
Unloading 4071 Unused Serialized files (Serialized files now loaded: 0)
Unloading 27 unused Assets / (24.7 KB). Loaded Objects now: 4558.
Memory consumption went from 151.9 MB to 151.8 MB.
Total: 16.019600 ms (FindLiveObjects: 1.096100 ms CreateObjectMapping: 1.580700 ms MarkObjects: 13.257700 ms  DeleteObjects: 0.082000 ms)

AssetImportParameters requested are different than current active one (requested -> active):
  custom:video-decoder-ogg-theora: a1e56fd34408186e4bbccfd4996cb3dc -> 
  custom:container-muxer-webm: aa71ff27fc2769a1b78a27578f13a17b -> 
  custom:container-demuxer-webm: 4f35f7cbe854078d1ac9338744f61a02 -> 
  custom:video-encoder-webm-vp8: eb34c28f22e8b96e1ab97ce403110664 -> 
  custom:audio-encoder-webm-vorbis: bf7c407c2cedff20999df2af8eb42d56 -> 
  custom:framework-win-MediaFoundation: 216162199b28c13a410421893ffa2e32 -> 
  custom:container-demuxer-ogg: 62fdf1f143b41e24485cea50d1cbac27 -> 
  custom:video-decoder-webm-vp8: 9c59270c3fd7afecdb556c50c9e8de78 -> 
  custom:audio-decoder-ogg-vorbis: bf7c407c2cedff20999df2af8eb42d56 -> 
========================================================================
Received Prepare
Registering precompiled user dll's ...
Registered in 0.678749 seconds.
Begin MonoManager ReloadAssembly
Symbol file LoadedFromMemory doesn't match image C:\Users\COMPUTER\Documents\GitHub\Mario\TCG_Bot\TCG\Library\PackageCache\com.unity.visualscripting@1.7.8\Editor\VisualScripting.Core\Dependencies\YamlDotNet\Unity.VisualScripting.YamlDotNet.dll
Symbol file LoadedFromMemory doesn't match image C:\Users\COMPUTER\Documents\GitHub\Mario\TCG_Bot\TCG\Library\PackageCache\com.unity.visualscripting@1.7.8\Editor\VisualScripting.Core\Dependencies\DotNetZip\Unity.VisualScripting.IonicZip.dll
Native extension for WindowsStandalone target not found
Refreshing native plugins compatible for Editor in 2.04 ms, found 4 plugins.
Preloading 0 native plugins for Editor in 0.00 ms.
Mono: successfully reloaded assembly
- Completed reload, in  9.053 seconds
Domain Reload Profiling:
	ReloadAssembly (9065ms)
		BeginReloadAssembly (1240ms)
			ExecutionOrderSort (0ms)
			DisableScriptedObjects (47ms)
			BackupInstance (0ms)
			ReleaseScriptingObjects (0ms)
			CreateAndSetChildDomain (275ms)
		EndReloadAssembly (6765ms)
			LoadAssemblies (1035ms)
			RebuildTransferFunctionScriptingTraits (0ms)
			SetupTypeCache (2871ms)
			ReleaseScriptCaches (30ms)
			RebuildScriptCaches (610ms)
			SetupLoadedEditorAssemblies (2226ms)
				LogAssemblyErrors (0ms)
				InitializePlatformSupportModulesInManaged (63ms)
				SetLoadedEditorAssemblies (1ms)
				RefreshPlugins (2ms)
				BeforeProcessingInitializeOnLoad (368ms)
				ProcessInitializeOnLoadAttributes (1649ms)
				ProcessInitializeOnLoadMethodAttributes (134ms)
				AfterProcessingInitializeOnLoad (8ms)
				EditorAssembliesLoaded (0ms)
			ExecutionOrderSort2 (0ms)
			AwakeInstancesAfterBackupRestoration (28ms)
Platform modules already initialized, skipping
Refreshing native plugins compatible for Editor in 7.00 ms, found 4 plugins.
Preloading 0 native plugins for Editor in 0.00 ms.
Unloading 4071 Unused Serialized files (Serialized files now loaded: 0)
Unloading 27 unused Assets / (24.8 KB). Loaded Objects now: 4561.
Memory consumption went from 151.9 MB to 151.8 MB.
Total: 8.389600 ms (FindLiveObjects: 0.871100 ms CreateObjectMapping: 0.577200 ms MarkObjects: 6.865900 ms  DeleteObjects: 0.071600 ms)

AssetImportParameters requested are different than current active one (requested -> active):
  custom:video-decoder-ogg-theora: a1e56fd34408186e4bbccfd4996cb3dc -> 
  custom:container-muxer-webm: aa71ff27fc2769a1b78a27578f13a17b -> 
  custom:container-demuxer-webm: 4f35f7cbe854078d1ac9338744f61a02 -> 
  custom:video-encoder-webm-vp8: eb34c28f22e8b96e1ab97ce403110664 -> 
  custom:audio-encoder-webm-vorbis: bf7c407c2cedff20999df2af8eb42d56 -> 
  custom:framework-win-MediaFoundation: 216162199b28c13a410421893ffa2e32 -> 
  custom:container-demuxer-ogg: 62fdf1f143b41e24485cea50d1cbac27 -> 
  custom:video-decoder-webm-vp8: 9c59270c3fd7afecdb556c50c9e8de78 -> 
  custom:audio-decoder-ogg-vorbis: bf7c407c2cedff20999df2af8eb42d56 -> 
========================================================================
Received Prepare
Registering precompiled user dll's ...
Registered in 0.020834 seconds.
Begin MonoManager ReloadAssembly
Symbol file LoadedFromMemory doesn't match image C:\Users\COMPUTER\Documents\GitHub\Mario\TCG_Bot\TCG\Library\PackageCache\com.unity.visualscripting@1.7.8\Editor\VisualScripting.Core\Dependencies\YamlDotNet\Unity.VisualScripting.YamlDotNet.dll
Symbol file LoadedFromMemory doesn't match image C:\Users\COMPUTER\Documents\GitHub\Mario\TCG_Bot\TCG\Library\PackageCache\com.unity.visualscripting@1.7.8\Editor\VisualScripting.Core\Dependencies\DotNetZip\Unity.VisualScripting.IonicZip.dll
Native extension for WindowsStandalone target not found
Refreshing native plugins compatible for Editor in 1.81 ms, found 4 plugins.
Preloading 0 native plugins for Editor in 0.00 ms.
Mono: successfully reloaded assembly
- Completed reload, in  3.637 seconds
Domain Reload Profiling:
	ReloadAssembly (3639ms)
		BeginReloadAssembly (389ms)
			ExecutionOrderSort (0ms)
			DisableScriptedObjects (18ms)
			BackupInstance (0ms)
			ReleaseScriptingObjects (1ms)
			CreateAndSetChildDomain (119ms)
		EndReloadAssembly (2941ms)
			LoadAssemblies (317ms)
			RebuildTransferFunctionScriptingTraits (0ms)
			SetupTypeCache (680ms)
			ReleaseScriptCaches (3ms)
			RebuildScriptCaches (170ms)
			SetupLoadedEditorAssemblies (1517ms)
				LogAssemblyErrors (0ms)
				InitializePlatformSupportModulesInManaged (45ms)
				SetLoadedEditorAssemblies (2ms)
				RefreshPlugins (2ms)
				BeforeProcessingInitializeOnLoad (266ms)
				ProcessInitializeOnLoadAttributes (771ms)
				ProcessInitializeOnLoadMethodAttributes (380ms)
				AfterProcessingInitializeOnLoad (52ms)
				EditorAssembliesLoaded (0ms)
			ExecutionOrderSort2 (0ms)
			AwakeInstancesAfterBackupRestoration (30ms)
Platform modules already initialized, skipping
Refreshing native plugins compatible for Editor in 6.15 ms, found 4 plugins.
Preloading 0 native plugins for Editor in 0.00 ms.
Unloading 4071 Unused Serialized files (Serialized files now loaded: 0)
Unloading 27 unused Assets / (24.8 KB). Loaded Objects now: 4564.
Memory consumption went from 151.9 MB to 151.8 MB.
Total: 11.147300 ms (FindLiveObjects: 0.781200 ms CreateObjectMapping: 0.683700 ms MarkObjects: 9.606500 ms  DeleteObjects: 0.072300 ms)

AssetImportParameters requested are different than current active one (requested -> active):
  custom:video-decoder-ogg-theora: a1e56fd34408186e4bbccfd4996cb3dc -> 
  custom:container-muxer-webm: aa71ff27fc2769a1b78a27578f13a17b -> 
  custom:container-demuxer-webm: 4f35f7cbe854078d1ac9338744f61a02 -> 
  custom:video-encoder-webm-vp8: eb34c28f22e8b96e1ab97ce403110664 -> 
  custom:audio-encoder-webm-vorbis: bf7c407c2cedff20999df2af8eb42d56 -> 
  custom:framework-win-MediaFoundation: 216162199b28c13a410421893ffa2e32 -> 
  custom:container-demuxer-ogg: 62fdf1f143b41e24485cea50d1cbac27 -> 
  custom:video-decoder-webm-vp8: 9c59270c3fd7afecdb556c50c9e8de78 -> 
  custom:audio-decoder-ogg-vorbis: bf7c407c2cedff20999df2af8eb42d56 -> 
========================================================================
Received Prepare
Registering precompiled user dll's ...
Registered in 0.015565 seconds.
Begin MonoManager ReloadAssembly
Symbol file LoadedFromMemory doesn't match image C:\Users\COMPUTER\Documents\GitHub\Mario\TCG_Bot\TCG\Library\PackageCache\com.unity.visualscripting@1.7.8\Editor\VisualScripting.Core\Dependencies\YamlDotNet\Unity.VisualScripting.YamlDotNet.dll
Symbol file LoadedFromMemory doesn't match image C:\Users\COMPUTER\Documents\GitHub\Mario\TCG_Bot\TCG\Library\PackageCache\com.unity.visualscripting@1.7.8\Editor\VisualScripting.Core\Dependencies\DotNetZip\Unity.VisualScripting.IonicZip.dll
Native extension for WindowsStandalone target not found
Refreshing native plugins compatible for Editor in 6.84 ms, found 4 plugins.
Preloading 0 native plugins for Editor in 0.00 ms.
Mono: successfully reloaded assembly
- Completed reload, in  7.450 seconds
Domain Reload Profiling:
	ReloadAssembly (7452ms)
		BeginReloadAssembly (803ms)
			ExecutionOrderSort (0ms)
			DisableScriptedObjects (80ms)
			BackupInstance (0ms)
			ReleaseScriptingObjects (1ms)
			CreateAndSetChildDomain (149ms)
		EndReloadAssembly (5710ms)
			LoadAssemblies (678ms)
			RebuildTransferFunctionScriptingTraits (0ms)
			SetupTypeCache (1510ms)
			ReleaseScriptCaches (6ms)
			RebuildScriptCaches (349ms)
			SetupLoadedEditorAssemblies (2924ms)
				LogAssemblyErrors (0ms)
				InitializePlatformSupportModulesInManaged (75ms)
				SetLoadedEditorAssemblies (3ms)
				RefreshPlugins (7ms)
				BeforeProcessingInitializeOnLoad (959ms)
				ProcessInitializeOnLoadAttributes (1556ms)
				ProcessInitializeOnLoadMethodAttributes (310ms)
				AfterProcessingInitializeOnLoad (13ms)
				EditorAssembliesLoaded (1ms)
			ExecutionOrderSort2 (0ms)
			AwakeInstancesAfterBackupRestoration (49ms)
Platform modules already initialized, skipping
Refreshing native plugins compatible for Editor in 6.04 ms, found 4 plugins.
Preloading 0 native plugins for Editor in 0.00 ms.
Unloading 4071 Unused Serialized files (Serialized files now loaded: 0)
Unloading 27 unused Assets / (24.8 KB). Loaded Objects now: 4567.
Memory consumption went from 151.9 MB to 151.9 MB.
Total: 8.821300 ms (FindLiveObjects: 0.837200 ms CreateObjectMapping: 0.605800 ms MarkObjects: 7.307700 ms  DeleteObjects: 0.067700 ms)

AssetImportParameters requested are different than current active one (requested -> active):
  custom:video-decoder-ogg-theora: a1e56fd34408186e4bbccfd4996cb3dc -> 
  custom:container-muxer-webm: aa71ff27fc2769a1b78a27578f13a17b -> 
  custom:container-demuxer-webm: 4f35f7cbe854078d1ac9338744f61a02 -> 
  custom:video-encoder-webm-vp8: eb34c28f22e8b96e1ab97ce403110664 -> 
  custom:audio-encoder-webm-vorbis: bf7c407c2cedff20999df2af8eb42d56 -> 
  custom:framework-win-MediaFoundation: 216162199b28c13a410421893ffa2e32 -> 
  custom:container-demuxer-ogg: 62fdf1f143b41e24485cea50d1cbac27 -> 
  custom:video-decoder-webm-vp8: 9c59270c3fd7afecdb556c50c9e8de78 -> 
  custom:audio-decoder-ogg-vorbis: bf7c407c2cedff20999df2af8eb42d56 -> 
========================================================================
Received Prepare
Registering precompiled user dll's ...
Registered in 0.018173 seconds.
Begin MonoManager ReloadAssembly
Symbol file LoadedFromMemory doesn't match image C:\Users\COMPUTER\Documents\GitHub\Mario\TCG_Bot\TCG\Library\PackageCache\com.unity.visualscripting@1.7.8\Editor\VisualScripting.Core\Dependencies\YamlDotNet\Unity.VisualScripting.YamlDotNet.dll
Symbol file LoadedFromMemory doesn't match image C:\Users\COMPUTER\Documents\GitHub\Mario\TCG_Bot\TCG\Library\PackageCache\com.unity.visualscripting@1.7.8\Editor\VisualScripting.Core\Dependencies\DotNetZip\Unity.VisualScripting.IonicZip.dll
Native extension for WindowsStandalone target not found
Refreshing native plugins compatible for Editor in 1.68 ms, found 4 plugins.
Preloading 0 native plugins for Editor in 0.00 ms.
Mono: successfully reloaded assembly
- Completed reload, in  2.500 seconds
Domain Reload Profiling:
	ReloadAssembly (2503ms)
		BeginReloadAssembly (288ms)
			ExecutionOrderSort (0ms)
			DisableScriptedObjects (19ms)
			BackupInstance (0ms)
			ReleaseScriptingObjects (0ms)
			CreateAndSetChildDomain (80ms)
		EndReloadAssembly (1991ms)
			LoadAssemblies (233ms)
			RebuildTransferFunctionScriptingTraits (0ms)
			SetupTypeCache (537ms)
			ReleaseScriptCaches (3ms)
			RebuildScriptCaches (110ms)
			SetupLoadedEditorAssemblies (997ms)
				LogAssemblyErrors (0ms)
				InitializePlatformSupportModulesInManaged (27ms)
				SetLoadedEditorAssemblies (1ms)
				RefreshPlugins (2ms)
				BeforeProcessingInitializeOnLoad (162ms)
				ProcessInitializeOnLoadAttributes (689ms)
				ProcessInitializeOnLoadMethodAttributes (109ms)
				AfterProcessingInitializeOnLoad (5ms)
				EditorAssembliesLoaded (1ms)
			ExecutionOrderSort2 (0ms)
			AwakeInstancesAfterBackupRestoration (22ms)
Platform modules already initialized, skipping
Refreshing native plugins compatible for Editor in 6.49 ms, found 4 plugins.
Preloading 0 native plugins for Editor in 0.00 ms.
Unloading 4071 Unused Serialized files (Serialized files now loaded: 0)
Unloading 27 unused Assets / (24.8 KB). Loaded Objects now: 4570.
Memory consumption went from 151.9 MB to 151.9 MB.
Total: 8.346900 ms (FindLiveObjects: 0.879200 ms CreateObjectMapping: 0.559800 ms MarkObjects: 6.764300 ms  DeleteObjects: 0.140500 ms)

AssetImportParameters requested are different than current active one (requested -> active):
  custom:video-decoder-ogg-theora: a1e56fd34408186e4bbccfd4996cb3dc -> 
  custom:container-muxer-webm: aa71ff27fc2769a1b78a27578f13a17b -> 
  custom:container-demuxer-webm: 4f35f7cbe854078d1ac9338744f61a02 -> 
  custom:video-encoder-webm-vp8: eb34c28f22e8b96e1ab97ce403110664 -> 
  custom:audio-encoder-webm-vorbis: bf7c407c2cedff20999df2af8eb42d56 -> 
  custom:framework-win-MediaFoundation: 216162199b28c13a410421893ffa2e32 -> 
  custom:container-demuxer-ogg: 62fdf1f143b41e24485cea50d1cbac27 -> 
  custom:video-decoder-webm-vp8: 9c59270c3fd7afecdb556c50c9e8de78 -> 
  custom:audio-decoder-ogg-vorbis: bf7c407c2cedff20999df2af8eb42d56 -> 
========================================================================
Received Prepare
Registering precompiled user dll's ...
Registered in 0.019757 seconds.
Begin MonoManager ReloadAssembly
Symbol file LoadedFromMemory doesn't match image C:\Users\COMPUTER\Documents\GitHub\Mario\TCG_Bot\TCG\Library\PackageCache\com.unity.visualscripting@1.7.8\Editor\VisualScripting.Core\Dependencies\YamlDotNet\Unity.VisualScripting.YamlDotNet.dll
Symbol file LoadedFromMemory doesn't match image C:\Users\COMPUTER\Documents\GitHub\Mario\TCG_Bot\TCG\Library\PackageCache\com.unity.visualscripting@1.7.8\Editor\VisualScripting.Core\Dependencies\DotNetZip\Unity.VisualScripting.IonicZip.dll
Native extension for WindowsStandalone target not found
Refreshing native plugins compatible for Editor in 3.97 ms, found 4 plugins.
Preloading 0 native plugins for Editor in 0.00 ms.
Mono: successfully reloaded assembly
- Completed reload, in  6.917 seconds
Domain Reload Profiling:
	ReloadAssembly (6922ms)
		BeginReloadAssembly (1047ms)
			ExecutionOrderSort (0ms)
			DisableScriptedObjects (50ms)
			BackupInstance (0ms)
			ReleaseScriptingObjects (1ms)
			CreateAndSetChildDomain (476ms)
		EndReloadAssembly (5217ms)
			LoadAssemblies (723ms)
			RebuildTransferFunctionScriptingTraits (0ms)
			SetupTypeCache (1426ms)
			ReleaseScriptCaches (5ms)
			RebuildScriptCaches (293ms)
			SetupLoadedEditorAssemblies (2436ms)
				LogAssemblyErrors (0ms)
				InitializePlatformSupportModulesInManaged (127ms)
				SetLoadedEditorAssemblies (2ms)
				RefreshPlugins (4ms)
				BeforeProcessingInitializeOnLoad (386ms)
				ProcessInitializeOnLoadAttributes (1635ms)
				ProcessInitializeOnLoadMethodAttributes (269ms)
				AfterProcessingInitializeOnLoad (11ms)
				EditorAssembliesLoaded (1ms)
			ExecutionOrderSort2 (0ms)
			AwakeInstancesAfterBackupRestoration (98ms)
Platform modules already initialized, skipping
Refreshing native plugins compatible for Editor in 9.36 ms, found 4 plugins.
Preloading 0 native plugins for Editor in 0.00 ms.
Unloading 4071 Unused Serialized files (Serialized files now loaded: 0)
Unloading 27 unused Assets / (24.9 KB). Loaded Objects now: 4573.
Memory consumption went from 151.9 MB to 151.9 MB.
Total: 12.548700 ms (FindLiveObjects: 2.974500 ms CreateObjectMapping: 0.860400 ms MarkObjects: 8.612800 ms  DeleteObjects: 0.097900 ms)

AssetImportParameters requested are different than current active one (requested -> active):
  custom:video-decoder-ogg-theora: a1e56fd34408186e4bbccfd4996cb3dc -> 
  custom:container-muxer-webm: aa71ff27fc2769a1b78a27578f13a17b -> 
  custom:container-demuxer-webm: 4f35f7cbe854078d1ac9338744f61a02 -> 
  custom:video-encoder-webm-vp8: eb34c28f22e8b96e1ab97ce403110664 -> 
  custom:audio-encoder-webm-vorbis: bf7c407c2cedff20999df2af8eb42d56 -> 
  custom:framework-win-MediaFoundation: 216162199b28c13a410421893ffa2e32 -> 
  custom:container-demuxer-ogg: 62fdf1f143b41e24485cea50d1cbac27 -> 
  custom:video-decoder-webm-vp8: 9c59270c3fd7afecdb556c50c9e8de78 -> 
  custom:audio-decoder-ogg-vorbis: bf7c407c2cedff20999df2af8eb42d56 -> 
========================================================================
Received Prepare
Registering precompiled user dll's ...
Registered in 0.015136 seconds.
Begin MonoManager ReloadAssembly
Symbol file LoadedFromMemory doesn't match image C:\Users\COMPUTER\Documents\GitHub\Mario\TCG_Bot\TCG\Library\PackageCache\com.unity.visualscripting@1.7.8\Editor\VisualScripting.Core\Dependencies\YamlDotNet\Unity.VisualScripting.YamlDotNet.dll
Symbol file LoadedFromMemory doesn't match image C:\Users\COMPUTER\Documents\GitHub\Mario\TCG_Bot\TCG\Library\PackageCache\com.unity.visualscripting@1.7.8\Editor\VisualScripting.Core\Dependencies\DotNetZip\Unity.VisualScripting.IonicZip.dll
Native extension for WindowsStandalone target not found
Refreshing native plugins compatible for Editor in 1.50 ms, found 4 plugins.
Preloading 0 native plugins for Editor in 0.00 ms.
Mono: successfully reloaded assembly
- Completed reload, in  2.558 seconds
Domain Reload Profiling:
	ReloadAssembly (2560ms)
		BeginReloadAssembly (328ms)
			ExecutionOrderSort (0ms)
			DisableScriptedObjects (20ms)
			BackupInstance (0ms)
			ReleaseScriptingObjects (0ms)
			CreateAndSetChildDomain (87ms)
		EndReloadAssembly (1984ms)
			LoadAssemblies (265ms)
			RebuildTransferFunctionScriptingTraits (0ms)
			SetupTypeCache (553ms)
			ReleaseScriptCaches (3ms)
			RebuildScriptCaches (117ms)
			SetupLoadedEditorAssemblies (941ms)
				LogAssemblyErrors (0ms)
				InitializePlatformSupportModulesInManaged (41ms)
				SetLoadedEditorAssemblies (1ms)
				RefreshPlugins (2ms)
				BeforeProcessingInitializeOnLoad (184ms)
				ProcessInitializeOnLoadAttributes (608ms)
				ProcessInitializeOnLoadMethodAttributes (98ms)
				AfterProcessingInitializeOnLoad (6ms)
				EditorAssembliesLoaded (1ms)
			ExecutionOrderSort2 (0ms)
			AwakeInstancesAfterBackupRestoration (21ms)
Platform modules already initialized, skipping
Refreshing native plugins compatible for Editor in 6.41 ms, found 4 plugins.
Preloading 0 native plugins for Editor in 0.00 ms.
Unloading 4071 Unused Serialized files (Serialized files now loaded: 0)
Unloading 27 unused Assets / (24.8 KB). Loaded Objects now: 4576.
Memory consumption went from 151.9 MB to 151.9 MB.
Total: 10.517800 ms (FindLiveObjects: 1.079800 ms CreateObjectMapping: 0.534300 ms MarkObjects: 8.737800 ms  DeleteObjects: 0.162200 ms)

AssetImportParameters requested are different than current active one (requested -> active):
  custom:video-decoder-ogg-theora: a1e56fd34408186e4bbccfd4996cb3dc -> 
  custom:container-muxer-webm: aa71ff27fc2769a1b78a27578f13a17b -> 
  custom:container-demuxer-webm: 4f35f7cbe854078d1ac9338744f61a02 -> 
  custom:video-encoder-webm-vp8: eb34c28f22e8b96e1ab97ce403110664 -> 
  custom:audio-encoder-webm-vorbis: bf7c407c2cedff20999df2af8eb42d56 -> 
  custom:framework-win-MediaFoundation: 216162199b28c13a410421893ffa2e32 -> 
  custom:container-demuxer-ogg: 62fdf1f143b41e24485cea50d1cbac27 -> 
  custom:video-decoder-webm-vp8: 9c59270c3fd7afecdb556c50c9e8de78 -> 
  custom:audio-decoder-ogg-vorbis: bf7c407c2cedff20999df2af8eb42d56 -> 
========================================================================
Received Prepare
Registering precompiled user dll's ...
Registered in 0.015849 seconds.
Begin MonoManager ReloadAssembly
Symbol file LoadedFromMemory doesn't match image C:\Users\COMPUTER\Documents\GitHub\Mario\TCG_Bot\TCG\Library\PackageCache\com.unity.visualscripting@1.7.8\Editor\VisualScripting.Core\Dependencies\YamlDotNet\Unity.VisualScripting.YamlDotNet.dll
Symbol file LoadedFromMemory doesn't match image C:\Users\COMPUTER\Documents\GitHub\Mario\TCG_Bot\TCG\Library\PackageCache\com.unity.visualscripting@1.7.8\Editor\VisualScripting.Core\Dependencies\DotNetZip\Unity.VisualScripting.IonicZip.dll
Native extension for WindowsStandalone target not found
Refreshing native plugins compatible for Editor in 2.61 ms, found 4 plugins.
Preloading 0 native plugins for Editor in 0.00 ms.
Mono: successfully reloaded assembly
- Completed reload, in  6.342 seconds
Domain Reload Profiling:
	ReloadAssembly (6345ms)
		BeginReloadAssembly (793ms)
			ExecutionOrderSort (0ms)
			DisableScriptedObjects (46ms)
			BackupInstance (0ms)
			ReleaseScriptingObjects (2ms)
			CreateAndSetChildDomain (240ms)
		EndReloadAssembly (5045ms)
			LoadAssemblies (536ms)
			RebuildTransferFunctionScriptingTraits (0ms)
			SetupTypeCache (1285ms)
			ReleaseScriptCaches (7ms)
			RebuildScriptCaches (358ms)
			SetupLoadedEditorAssemblies (2600ms)
				LogAssemblyErrors (0ms)
				InitializePlatformSupportModulesInManaged (83ms)
				SetLoadedEditorAssemblies (6ms)
				RefreshPlugins (3ms)
				BeforeProcessingInitializeOnLoad (447ms)
				ProcessInitializeOnLoadAttributes (1746ms)
				ProcessInitializeOnLoadMethodAttributes (304ms)
				AfterProcessingInitializeOnLoad (12ms)
				EditorAssembliesLoaded (0ms)
			ExecutionOrderSort2 (0ms)
			AwakeInstancesAfterBackupRestoration (35ms)
Platform modules already initialized, skipping
Refreshing native plugins compatible for Editor in 7.45 ms, found 4 plugins.
Preloading 0 native plugins for Editor in 0.00 ms.
Unloading 4071 Unused Serialized files (Serialized files now loaded: 0)
Unloading 27 unused Assets / (24.8 KB). Loaded Objects now: 4579.
Memory consumption went from 151.9 MB to 151.9 MB.
Total: 11.661300 ms (FindLiveObjects: 0.980800 ms CreateObjectMapping: 0.625700 ms MarkObjects: 9.978900 ms  DeleteObjects: 0.073200 ms)

AssetImportParameters requested are different than current active one (requested -> active):
  custom:video-decoder-ogg-theora: a1e56fd34408186e4bbccfd4996cb3dc -> 
  custom:container-muxer-webm: aa71ff27fc2769a1b78a27578f13a17b -> 
  custom:container-demuxer-webm: 4f35f7cbe854078d1ac9338744f61a02 -> 
  custom:video-encoder-webm-vp8: eb34c28f22e8b96e1ab97ce403110664 -> 
  custom:audio-encoder-webm-vorbis: bf7c407c2cedff20999df2af8eb42d56 -> 
  custom:framework-win-MediaFoundation: 216162199b28c13a410421893ffa2e32 -> 
  custom:container-demuxer-ogg: 62fdf1f143b41e24485cea50d1cbac27 -> 
  custom:video-decoder-webm-vp8: 9c59270c3fd7afecdb556c50c9e8de78 -> 
  custom:audio-decoder-ogg-vorbis: bf7c407c2cedff20999df2af8eb42d56 -> 
========================================================================
Received Prepare
Registering precompiled user dll's ...
Registered in 0.020985 seconds.
Begin MonoManager ReloadAssembly
Symbol file LoadedFromMemory doesn't match image C:\Users\COMPUTER\Documents\GitHub\Mario\TCG_Bot\TCG\Library\PackageCache\com.unity.visualscripting@1.7.8\Editor\VisualScripting.Core\Dependencies\YamlDotNet\Unity.VisualScripting.YamlDotNet.dll
Symbol file LoadedFromMemory doesn't match image C:\Users\COMPUTER\Documents\GitHub\Mario\TCG_Bot\TCG\Library\PackageCache\com.unity.visualscripting@1.7.8\Editor\VisualScripting.Core\Dependencies\DotNetZip\Unity.VisualScripting.IonicZip.dll
Native extension for WindowsStandalone target not found
Refreshing native plugins compatible for Editor in 3.57 ms, found 4 plugins.
Preloading 0 native plugins for Editor in 0.00 ms.
Mono: successfully reloaded assembly
- Completed reload, in  6.396 seconds
Domain Reload Profiling:
	ReloadAssembly (6400ms)
		BeginReloadAssembly (812ms)
			ExecutionOrderSort (0ms)
			DisableScriptedObjects (37ms)
			BackupInstance (0ms)
			ReleaseScriptingObjects (0ms)
			CreateAndSetChildDomain (204ms)
		EndReloadAssembly (5052ms)
			LoadAssemblies (701ms)
			RebuildTransferFunctionScriptingTraits (0ms)
			SetupTypeCache (1548ms)
			ReleaseScriptCaches (4ms)
			RebuildScriptCaches (268ms)
			SetupLoadedEditorAssemblies (2250ms)
				LogAssemblyErrors (0ms)
				InitializePlatformSupportModulesInManaged (53ms)
				SetLoadedEditorAssemblies (2ms)
				RefreshPlugins (4ms)
				BeforeProcessingInitializeOnLoad (409ms)
				ProcessInitializeOnLoadAttributes (1498ms)
				ProcessInitializeOnLoadMethodAttributes (270ms)
				AfterProcessingInitializeOnLoad (13ms)
				EditorAssembliesLoaded (1ms)
			ExecutionOrderSort2 (0ms)
			AwakeInstancesAfterBackupRestoration (53ms)
Platform modules already initialized, skipping
Refreshing native plugins compatible for Editor in 16.35 ms, found 4 plugins.
Preloading 0 native plugins for Editor in 0.00 ms.
Unloading 4071 Unused Serialized files (Serialized files now loaded: 0)
Unloading 27 unused Assets / (24.8 KB). Loaded Objects now: 4582.
Memory consumption went from 151.9 MB to 151.9 MB.
Total: 14.096400 ms (FindLiveObjects: 1.335400 ms CreateObjectMapping: 1.361100 ms MarkObjects: 11.279000 ms  DeleteObjects: 0.116700 ms)

AssetImportParameters requested are different than current active one (requested -> active):
  custom:video-decoder-ogg-theora: a1e56fd34408186e4bbccfd4996cb3dc -> 
  custom:container-muxer-webm: aa71ff27fc2769a1b78a27578f13a17b -> 
  custom:container-demuxer-webm: 4f35f7cbe854078d1ac9338744f61a02 -> 
  custom:video-encoder-webm-vp8: eb34c28f22e8b96e1ab97ce403110664 -> 
  custom:audio-encoder-webm-vorbis: bf7c407c2cedff20999df2af8eb42d56 -> 
  custom:framework-win-MediaFoundation: 216162199b28c13a410421893ffa2e32 -> 
  custom:container-demuxer-ogg: 62fdf1f143b41e24485cea50d1cbac27 -> 
  custom:video-decoder-webm-vp8: 9c59270c3fd7afecdb556c50c9e8de78 -> 
  custom:audio-decoder-ogg-vorbis: bf7c407c2cedff20999df2af8eb42d56 -> 
========================================================================
Received Prepare
Registering precompiled user dll's ...
Registered in 0.016802 seconds.
Begin MonoManager ReloadAssembly
Symbol file LoadedFromMemory doesn't match image C:\Users\COMPUTER\Documents\GitHub\Mario\TCG_Bot\TCG\Library\PackageCache\com.unity.visualscripting@1.7.8\Editor\VisualScripting.Core\Dependencies\YamlDotNet\Unity.VisualScripting.YamlDotNet.dll
Symbol file LoadedFromMemory doesn't match image C:\Users\COMPUTER\Documents\GitHub\Mario\TCG_Bot\TCG\Library\PackageCache\com.unity.visualscripting@1.7.8\Editor\VisualScripting.Core\Dependencies\DotNetZip\Unity.VisualScripting.IonicZip.dll
Native extension for WindowsStandalone target not found
Refreshing native plugins compatible for Editor in 1.56 ms, found 4 plugins.
Preloading 0 native plugins for Editor in 0.00 ms.
Mono: successfully reloaded assembly
- Completed reload, in  2.547 seconds
Domain Reload Profiling:
	ReloadAssembly (2548ms)
		BeginReloadAssembly (286ms)
			ExecutionOrderSort (0ms)
			DisableScriptedObjects (17ms)
			BackupInstance (0ms)
			ReleaseScriptingObjects (0ms)
			CreateAndSetChildDomain (73ms)
		EndReloadAssembly (2044ms)
			LoadAssemblies (249ms)
			RebuildTransferFunctionScriptingTraits (0ms)
			SetupTypeCache (559ms)
			ReleaseScriptCaches (3ms)
			RebuildScriptCaches (131ms)
			SetupLoadedEditorAssemblies (977ms)
				LogAssemblyErrors (0ms)
				InitializePlatformSupportModulesInManaged (33ms)
				SetLoadedEditorAssemblies (2ms)
				RefreshPlugins (2ms)
				BeforeProcessingInitializeOnLoad (177ms)
				ProcessInitializeOnLoadAttributes (651ms)
				ProcessInitializeOnLoadMethodAttributes (105ms)
				AfterProcessingInitializeOnLoad (7ms)
				EditorAssembliesLoaded (0ms)
			ExecutionOrderSort2 (0ms)
			AwakeInstancesAfterBackupRestoration (23ms)
Platform modules already initialized, skipping
Refreshing native plugins compatible for Editor in 6.20 ms, found 4 plugins.
Preloading 0 native plugins for Editor in 0.00 ms.
Unloading 4071 Unused Serialized files (Serialized files now loaded: 0)
Unloading 27 unused Assets / (25.8 KB). Loaded Objects now: 4585.
Memory consumption went from 151.9 MB to 151.9 MB.
Total: 13.233000 ms (FindLiveObjects: 2.058000 ms CreateObjectMapping: 0.730200 ms MarkObjects: 10.373400 ms  DeleteObjects: 0.068200 ms)

AssetImportParameters requested are different than current active one (requested -> active):
  custom:video-decoder-ogg-theora: a1e56fd34408186e4bbccfd4996cb3dc -> 
  custom:container-muxer-webm: aa71ff27fc2769a1b78a27578f13a17b -> 
  custom:container-demuxer-webm: 4f35f7cbe854078d1ac9338744f61a02 -> 
  custom:video-encoder-webm-vp8: eb34c28f22e8b96e1ab97ce403110664 -> 
  custom:audio-encoder-webm-vorbis: bf7c407c2cedff20999df2af8eb42d56 -> 
  custom:framework-win-MediaFoundation: 216162199b28c13a410421893ffa2e32 -> 
  custom:container-demuxer-ogg: 62fdf1f143b41e24485cea50d1cbac27 -> 
  custom:video-decoder-webm-vp8: 9c59270c3fd7afecdb556c50c9e8de78 -> 
  custom:audio-decoder-ogg-vorbis: bf7c407c2cedff20999df2af8eb42d56 -> 
========================================================================
Received Prepare
Registering precompiled user dll's ...
Registered in 0.025105 seconds.
Begin MonoManager ReloadAssembly
Symbol file LoadedFromMemory doesn't match image C:\Users\COMPUTER\Documents\GitHub\Mario\TCG_Bot\TCG\Library\PackageCache\com.unity.visualscripting@1.7.8\Editor\VisualScripting.Core\Dependencies\YamlDotNet\Unity.VisualScripting.YamlDotNet.dll
Symbol file LoadedFromMemory doesn't match image C:\Users\COMPUTER\Documents\GitHub\Mario\TCG_Bot\TCG\Library\PackageCache\com.unity.visualscripting@1.7.8\Editor\VisualScripting.Core\Dependencies\DotNetZip\Unity.VisualScripting.IonicZip.dll
Native extension for WindowsStandalone target not found
Refreshing native plugins compatible for Editor in 4.60 ms, found 4 plugins.
Preloading 0 native plugins for Editor in 0.00 ms.
Mono: successfully reloaded assembly
- Completed reload, in  5.306 seconds
Domain Reload Profiling:
	ReloadAssembly (5308ms)
		BeginReloadAssembly (684ms)
			ExecutionOrderSort (0ms)
			DisableScriptedObjects (29ms)
			BackupInstance (0ms)
			ReleaseScriptingObjects (0ms)
			CreateAndSetChildDomain (194ms)
		EndReloadAssembly (4086ms)
			LoadAssemblies (555ms)
			RebuildTransferFunctionScriptingTraits (0ms)
			SetupTypeCache (1454ms)
			ReleaseScriptCaches (6ms)
			RebuildScriptCaches (316ms)
			SetupLoadedEditorAssemblies (1568ms)
				LogAssemblyErrors (0ms)
				InitializePlatformSupportModulesInManaged (74ms)
				SetLoadedEditorAssemblies (4ms)
				RefreshPlugins (5ms)
				BeforeProcessingInitializeOnLoad (431ms)
				ProcessInitializeOnLoadAttributes (944ms)
				ProcessInitializeOnLoadMethodAttributes (103ms)
				AfterProcessingInitializeOnLoad (7ms)
				EditorAssembliesLoaded (0ms)
			ExecutionOrderSort2 (0ms)
			AwakeInstancesAfterBackupRestoration (20ms)
Platform modules already initialized, skipping
Refreshing native plugins compatible for Editor in 5.90 ms, found 4 plugins.
Preloading 0 native plugins for Editor in 0.00 ms.
Unloading 4071 Unused Serialized files (Serialized files now loaded: 0)
Unloading 27 unused Assets / (24.8 KB). Loaded Objects now: 4588.
Memory consumption went from 151.9 MB to 151.9 MB.
Total: 8.398100 ms (FindLiveObjects: 0.876000 ms CreateObjectMapping: 0.693900 ms MarkObjects: 6.744000 ms  DeleteObjects: 0.080200 ms)

AssetImportParameters requested are different than current active one (requested -> active):
  custom:video-decoder-ogg-theora: a1e56fd34408186e4bbccfd4996cb3dc -> 
  custom:container-muxer-webm: aa71ff27fc2769a1b78a27578f13a17b -> 
  custom:container-demuxer-webm: 4f35f7cbe854078d1ac9338744f61a02 -> 
  custom:video-encoder-webm-vp8: eb34c28f22e8b96e1ab97ce403110664 -> 
  custom:audio-encoder-webm-vorbis: bf7c407c2cedff20999df2af8eb42d56 -> 
  custom:framework-win-MediaFoundation: 216162199b28c13a410421893ffa2e32 -> 
  custom:container-demuxer-ogg: 62fdf1f143b41e24485cea50d1cbac27 -> 
  custom:video-decoder-webm-vp8: 9c59270c3fd7afecdb556c50c9e8de78 -> 
  custom:audio-decoder-ogg-vorbis: bf7c407c2cedff20999df2af8eb42d56 -> 
========================================================================
Received Prepare
Registering precompiled user dll's ...
Registered in 0.031743 seconds.
Begin MonoManager ReloadAssembly
Symbol file LoadedFromMemory doesn't match image C:\Users\COMPUTER\Documents\GitHub\Mario\TCG_Bot\TCG\Library\PackageCache\com.unity.visualscripting@1.7.8\Editor\VisualScripting.Core\Dependencies\YamlDotNet\Unity.VisualScripting.YamlDotNet.dll
Symbol file LoadedFromMemory doesn't match image C:\Users\COMPUTER\Documents\GitHub\Mario\TCG_Bot\TCG\Library\PackageCache\com.unity.visualscripting@1.7.8\Editor\VisualScripting.Core\Dependencies\DotNetZip\Unity.VisualScripting.IonicZip.dll
Native extension for WindowsStandalone target not found
Refreshing native plugins compatible for Editor in 1.70 ms, found 4 plugins.
Preloading 0 native plugins for Editor in 0.00 ms.
Mono: successfully reloaded assembly
- Completed reload, in  2.562 seconds
Domain Reload Profiling:
	ReloadAssembly (2564ms)
		BeginReloadAssembly (295ms)
			ExecutionOrderSort (0ms)
			DisableScriptedObjects (17ms)
			BackupInstance (0ms)
			ReleaseScriptingObjects (0ms)
			CreateAndSetChildDomain (86ms)
		EndReloadAssembly (2025ms)
			LoadAssemblies (242ms)
			RebuildTransferFunctionScriptingTraits (0ms)
			SetupTypeCache (549ms)
			ReleaseScriptCaches (4ms)
			RebuildScriptCaches (118ms)
			SetupLoadedEditorAssemblies (1000ms)
				LogAssemblyErrors (0ms)
				InitializePlatformSupportModulesInManaged (27ms)
				SetLoadedEditorAssemblies (1ms)
				RefreshPlugins (2ms)
				BeforeProcessingInitializeOnLoad (190ms)
				ProcessInitializeOnLoadAttributes (664ms)
				ProcessInitializeOnLoadMethodAttributes (109ms)
				AfterProcessingInitializeOnLoad (7ms)
				EditorAssembliesLoaded (0ms)
			ExecutionOrderSort2 (0ms)
			AwakeInstancesAfterBackupRestoration (20ms)
Platform modules already initialized, skipping
Refreshing native plugins compatible for Editor in 8.17 ms, found 4 plugins.
Preloading 0 native plugins for Editor in 0.00 ms.
Unloading 4071 Unused Serialized files (Serialized files now loaded: 0)
Unloading 27 unused Assets / (24.9 KB). Loaded Objects now: 4591.
Memory consumption went from 151.9 MB to 151.9 MB.
Total: 8.843900 ms (FindLiveObjects: 0.824100 ms CreateObjectMapping: 0.523600 ms MarkObjects: 7.394700 ms  DeleteObjects: 0.098500 ms)

AssetImportParameters requested are different than current active one (requested -> active):
  custom:video-decoder-ogg-theora: a1e56fd34408186e4bbccfd4996cb3dc -> 
  custom:container-muxer-webm: aa71ff27fc2769a1b78a27578f13a17b -> 
  custom:container-demuxer-webm: 4f35f7cbe854078d1ac9338744f61a02 -> 
  custom:video-encoder-webm-vp8: eb34c28f22e8b96e1ab97ce403110664 -> 
  custom:audio-encoder-webm-vorbis: bf7c407c2cedff20999df2af8eb42d56 -> 
  custom:framework-win-MediaFoundation: 216162199b28c13a410421893ffa2e32 -> 
  custom:container-demuxer-ogg: 62fdf1f143b41e24485cea50d1cbac27 -> 
  custom:video-decoder-webm-vp8: 9c59270c3fd7afecdb556c50c9e8de78 -> 
  custom:audio-decoder-ogg-vorbis: bf7c407c2cedff20999df2af8eb42d56 -> 
========================================================================
Received Prepare
Registering precompiled user dll's ...
Registered in 0.032682 seconds.
Begin MonoManager ReloadAssembly
Symbol file LoadedFromMemory doesn't match image C:\Users\COMPUTER\Documents\GitHub\Mario\TCG_Bot\TCG\Library\PackageCache\com.unity.visualscripting@1.7.8\Editor\VisualScripting.Core\Dependencies\YamlDotNet\Unity.VisualScripting.YamlDotNet.dll
Symbol file LoadedFromMemory doesn't match image C:\Users\COMPUTER\Documents\GitHub\Mario\TCG_Bot\TCG\Library\PackageCache\com.unity.visualscripting@1.7.8\Editor\VisualScripting.Core\Dependencies\DotNetZip\Unity.VisualScripting.IonicZip.dll
Native extension for WindowsStandalone target not found
Refreshing native plugins compatible for Editor in 2.95 ms, found 4 plugins.
Preloading 0 native plugins for Editor in 0.00 ms.
Mono: successfully reloaded assembly
- Completed reload, in  6.460 seconds
Domain Reload Profiling:
	ReloadAssembly (6464ms)
		BeginReloadAssembly (894ms)
			ExecutionOrderSort (0ms)
			DisableScriptedObjects (60ms)
			BackupInstance (0ms)
			ReleaseScriptingObjects (0ms)
			CreateAndSetChildDomain (249ms)
		EndReloadAssembly (4906ms)
			LoadAssemblies (643ms)
			RebuildTransferFunctionScriptingTraits (2ms)
			SetupTypeCache (1273ms)
			ReleaseScriptCaches (9ms)
			RebuildScriptCaches (203ms)
			SetupLoadedEditorAssemblies (2657ms)
				LogAssemblyErrors (0ms)
				InitializePlatformSupportModulesInManaged (110ms)
				SetLoadedEditorAssemblies (5ms)
				RefreshPlugins (3ms)
				BeforeProcessingInitializeOnLoad (469ms)
				ProcessInitializeOnLoadAttributes (1668ms)
				ProcessInitializeOnLoadMethodAttributes (386ms)
				AfterProcessingInitializeOnLoad (16ms)
				EditorAssembliesLoaded (1ms)
			ExecutionOrderSort2 (0ms)
			AwakeInstancesAfterBackupRestoration (45ms)
Platform modules already initialized, skipping
Refreshing native plugins compatible for Editor in 12.86 ms, found 4 plugins.
Preloading 0 native plugins for Editor in 0.00 ms.
Unloading 4071 Unused Serialized files (Serialized files now loaded: 0)
Unloading 27 unused Assets / (25.9 KB). Loaded Objects now: 4594.
Memory consumption went from 151.9 MB to 151.9 MB.
Total: 13.555000 ms (FindLiveObjects: 0.910700 ms CreateObjectMapping: 1.923100 ms MarkObjects: 10.635800 ms  DeleteObjects: 0.082300 ms)

AssetImportParameters requested are different than current active one (requested -> active):
  custom:video-decoder-ogg-theora: a1e56fd34408186e4bbccfd4996cb3dc -> 
  custom:container-muxer-webm: aa71ff27fc2769a1b78a27578f13a17b -> 
  custom:container-demuxer-webm: 4f35f7cbe854078d1ac9338744f61a02 -> 
  custom:video-encoder-webm-vp8: eb34c28f22e8b96e1ab97ce403110664 -> 
  custom:audio-encoder-webm-vorbis: bf7c407c2cedff20999df2af8eb42d56 -> 
  custom:framework-win-MediaFoundation: 216162199b28c13a410421893ffa2e32 -> 
  custom:container-demuxer-ogg: 62fdf1f143b41e24485cea50d1cbac27 -> 
  custom:video-decoder-webm-vp8: 9c59270c3fd7afecdb556c50c9e8de78 -> 
  custom:audio-decoder-ogg-vorbis: bf7c407c2cedff20999df2af8eb42d56 -> 
========================================================================
Received Prepare
Registering precompiled user dll's ...
Registered in 0.023295 seconds.
Begin MonoManager ReloadAssembly
Symbol file LoadedFromMemory doesn't match image C:\Users\COMPUTER\Documents\GitHub\Mario\TCG_Bot\TCG\Library\PackageCache\com.unity.visualscripting@1.7.8\Editor\VisualScripting.Core\Dependencies\YamlDotNet\Unity.VisualScripting.YamlDotNet.dll
Symbol file LoadedFromMemory doesn't match image C:\Users\COMPUTER\Documents\GitHub\Mario\TCG_Bot\TCG\Library\PackageCache\com.unity.visualscripting@1.7.8\Editor\VisualScripting.Core\Dependencies\DotNetZip\Unity.VisualScripting.IonicZip.dll
Native extension for WindowsStandalone target not found
Refreshing native plugins compatible for Editor in 1.52 ms, found 4 plugins.
Preloading 0 native plugins for Editor in 0.00 ms.
Mono: successfully reloaded assembly
- Completed reload, in  3.609 seconds
Domain Reload Profiling:
	ReloadAssembly (3611ms)
		BeginReloadAssembly (581ms)
			ExecutionOrderSort (0ms)
			DisableScriptedObjects (21ms)
			BackupInstance (0ms)
			ReleaseScriptingObjects (0ms)
			CreateAndSetChildDomain (115ms)
		EndReloadAssembly (2723ms)
			LoadAssemblies (784ms)
			RebuildTransferFunctionScriptingTraits (0ms)
			SetupTypeCache (731ms)
			ReleaseScriptCaches (3ms)
			RebuildScriptCaches (101ms)
			SetupLoadedEditorAssemblies (1062ms)
				LogAssemblyErrors (0ms)
				InitializePlatformSupportModulesInManaged (41ms)
				SetLoadedEditorAssemblies (1ms)
				RefreshPlugins (2ms)
				BeforeProcessingInitializeOnLoad (201ms)
				ProcessInitializeOnLoadAttributes (708ms)
				ProcessInitializeOnLoadMethodAttributes (103ms)
				AfterProcessingInitializeOnLoad (5ms)
				EditorAssembliesLoaded (0ms)
			ExecutionOrderSort2 (0ms)
			AwakeInstancesAfterBackupRestoration (23ms)
Platform modules already initialized, skipping
Refreshing native plugins compatible for Editor in 7.67 ms, found 4 plugins.
Preloading 0 native plugins for Editor in 0.00 ms.
Unloading 4071 Unused Serialized files (Serialized files now loaded: 0)
Unloading 27 unused Assets / (24.9 KB). Loaded Objects now: 4597.
Memory consumption went from 151.9 MB to 151.9 MB.
Total: 10.421800 ms (FindLiveObjects: 1.414600 ms CreateObjectMapping: 2.069000 ms MarkObjects: 6.865700 ms  DeleteObjects: 0.069400 ms)

AssetImportParameters requested are different than current active one (requested -> active):
  custom:video-decoder-ogg-theora: a1e56fd34408186e4bbccfd4996cb3dc -> 
  custom:container-muxer-webm: aa71ff27fc2769a1b78a27578f13a17b -> 
  custom:container-demuxer-webm: 4f35f7cbe854078d1ac9338744f61a02 -> 
  custom:video-encoder-webm-vp8: eb34c28f22e8b96e1ab97ce403110664 -> 
  custom:audio-encoder-webm-vorbis: bf7c407c2cedff20999df2af8eb42d56 -> 
  custom:framework-win-MediaFoundation: 216162199b28c13a410421893ffa2e32 -> 
  custom:container-demuxer-ogg: 62fdf1f143b41e24485cea50d1cbac27 -> 
  custom:video-decoder-webm-vp8: 9c59270c3fd7afecdb556c50c9e8de78 -> 
  custom:audio-decoder-ogg-vorbis: bf7c407c2cedff20999df2af8eb42d56 -> 
========================================================================
Received Prepare
Registering precompiled user dll's ...
Registered in 0.019602 seconds.
Begin MonoManager ReloadAssembly
Symbol file LoadedFromMemory doesn't match image C:\Users\COMPUTER\Documents\GitHub\Mario\TCG_Bot\TCG\Library\PackageCache\com.unity.visualscripting@1.7.8\Editor\VisualScripting.Core\Dependencies\YamlDotNet\Unity.VisualScripting.YamlDotNet.dll
Symbol file LoadedFromMemory doesn't match image C:\Users\COMPUTER\Documents\GitHub\Mario\TCG_Bot\TCG\Library\PackageCache\com.unity.visualscripting@1.7.8\Editor\VisualScripting.Core\Dependencies\DotNetZip\Unity.VisualScripting.IonicZip.dll
Native extension for WindowsStandalone target not found
Refreshing native plugins compatible for Editor in 1.61 ms, found 4 plugins.
Preloading 0 native plugins for Editor in 0.00 ms.
Mono: successfully reloaded assembly
- Completed reload, in  2.975 seconds
Domain Reload Profiling:
	ReloadAssembly (2977ms)
		BeginReloadAssembly (341ms)
			ExecutionOrderSort (0ms)
			DisableScriptedObjects (16ms)
			BackupInstance (0ms)
			ReleaseScriptingObjects (0ms)
			CreateAndSetChildDomain (82ms)
		EndReloadAssembly (2242ms)
			LoadAssemblies (325ms)
			RebuildTransferFunctionScriptingTraits (0ms)
			SetupTypeCache (634ms)
			ReleaseScriptCaches (3ms)
			RebuildScriptCaches (125ms)
			SetupLoadedEditorAssemblies (1068ms)
				LogAssemblyErrors (0ms)
				InitializePlatformSupportModulesInManaged (39ms)
				SetLoadedEditorAssemblies (1ms)
				RefreshPlugins (2ms)
				BeforeProcessingInitializeOnLoad (241ms)
				ProcessInitializeOnLoadAttributes (674ms)
				ProcessInitializeOnLoadMethodAttributes (104ms)
				AfterProcessingInitializeOnLoad (7ms)
				EditorAssembliesLoaded (0ms)
			ExecutionOrderSort2 (0ms)
			AwakeInstancesAfterBackupRestoration (22ms)
Platform modules already initialized, skipping
Refreshing native plugins compatible for Editor in 7.78 ms, found 4 plugins.
Preloading 0 native plugins for Editor in 0.00 ms.
Unloading 4071 Unused Serialized files (Serialized files now loaded: 0)
Unloading 27 unused Assets / (25.9 KB). Loaded Objects now: 4600.
Memory consumption went from 151.9 MB to 151.9 MB.
Total: 13.069400 ms (FindLiveObjects: 0.968800 ms CreateObjectMapping: 0.646300 ms MarkObjects: 11.369500 ms  DeleteObjects: 0.081800 ms)

AssetImportParameters requested are different than current active one (requested -> active):
  custom:video-decoder-ogg-theora: a1e56fd34408186e4bbccfd4996cb3dc -> 
  custom:container-muxer-webm: aa71ff27fc2769a1b78a27578f13a17b -> 
  custom:container-demuxer-webm: 4f35f7cbe854078d1ac9338744f61a02 -> 
  custom:video-encoder-webm-vp8: eb34c28f22e8b96e1ab97ce403110664 -> 
  custom:audio-encoder-webm-vorbis: bf7c407c2cedff20999df2af8eb42d56 -> 
  custom:framework-win-MediaFoundation: 216162199b28c13a410421893ffa2e32 -> 
  custom:container-demuxer-ogg: 62fdf1f143b41e24485cea50d1cbac27 -> 
  custom:video-decoder-webm-vp8: 9c59270c3fd7afecdb556c50c9e8de78 -> 
  custom:audio-decoder-ogg-vorbis: bf7c407c2cedff20999df2af8eb42d56 -> 
========================================================================
Received Prepare
Registering precompiled user dll's ...
Registered in 0.018716 seconds.
Begin MonoManager ReloadAssembly
Symbol file LoadedFromMemory doesn't match image C:\Users\COMPUTER\Documents\GitHub\Mario\TCG_Bot\TCG\Library\PackageCache\com.unity.visualscripting@1.7.8\Editor\VisualScripting.Core\Dependencies\YamlDotNet\Unity.VisualScripting.YamlDotNet.dll
Symbol file LoadedFromMemory doesn't match image C:\Users\COMPUTER\Documents\GitHub\Mario\TCG_Bot\TCG\Library\PackageCache\com.unity.visualscripting@1.7.8\Editor\VisualScripting.Core\Dependencies\DotNetZip\Unity.VisualScripting.IonicZip.dll
Native extension for WindowsStandalone target not found
Refreshing native plugins compatible for Editor in 5.39 ms, found 4 plugins.
Preloading 0 native plugins for Editor in 0.00 ms.
Mono: successfully reloaded assembly
- Completed reload, in  6.156 seconds
Domain Reload Profiling:
	ReloadAssembly (6163ms)
		BeginReloadAssembly (700ms)
			ExecutionOrderSort (0ms)
			DisableScriptedObjects (40ms)
			BackupInstance (0ms)
			ReleaseScriptingObjects (0ms)
			CreateAndSetChildDomain (188ms)
		EndReloadAssembly (4915ms)
			LoadAssemblies (625ms)
			RebuildTransferFunctionScriptingTraits (0ms)
			SetupTypeCache (1527ms)
			ReleaseScriptCaches (5ms)
			RebuildScriptCaches (371ms)
			SetupLoadedEditorAssemblies (2131ms)
				LogAssemblyErrors (0ms)
				InitializePlatformSupportModulesInManaged (73ms)
				SetLoadedEditorAssemblies (7ms)
				RefreshPlugins (9ms)
				BeforeProcessingInitializeOnLoad (459ms)
				ProcessInitializeOnLoadAttributes (1344ms)
				ProcessInitializeOnLoadMethodAttributes (203ms)
				AfterProcessingInitializeOnLoad (18ms)
				EditorAssembliesLoaded (19ms)
			ExecutionOrderSort2 (0ms)
			AwakeInstancesAfterBackupRestoration (60ms)
Platform modules already initialized, skipping
Refreshing native plugins compatible for Editor in 17.56 ms, found 4 plugins.
Preloading 0 native plugins for Editor in 0.00 ms.
Unloading 4071 Unused Serialized files (Serialized files now loaded: 0)
Unloading 27 unused Assets / (24.9 KB). Loaded Objects now: 4603.
Memory consumption went from 152.0 MB to 151.9 MB.
Total: 20.685300 ms (FindLiveObjects: 1.018100 ms CreateObjectMapping: 3.393800 ms MarkObjects: 16.209400 ms  DeleteObjects: 0.060500 ms)

AssetImportParameters requested are different than current active one (requested -> active):
  custom:video-decoder-ogg-theora: a1e56fd34408186e4bbccfd4996cb3dc -> 
  custom:container-muxer-webm: aa71ff27fc2769a1b78a27578f13a17b -> 
  custom:container-demuxer-webm: 4f35f7cbe854078d1ac9338744f61a02 -> 
  custom:video-encoder-webm-vp8: eb34c28f22e8b96e1ab97ce403110664 -> 
  custom:audio-encoder-webm-vorbis: bf7c407c2cedff20999df2af8eb42d56 -> 
  custom:framework-win-MediaFoundation: 216162199b28c13a410421893ffa2e32 -> 
  custom:container-demuxer-ogg: 62fdf1f143b41e24485cea50d1cbac27 -> 
  custom:video-decoder-webm-vp8: 9c59270c3fd7afecdb556c50c9e8de78 -> 
  custom:audio-decoder-ogg-vorbis: bf7c407c2cedff20999df2af8eb42d56 -> 
========================================================================
Received Prepare
Registering precompiled user dll's ...
Registered in 0.015737 seconds.
Begin MonoManager ReloadAssembly
Symbol file LoadedFromMemory doesn't match image C:\Users\COMPUTER\Documents\GitHub\Mario\TCG_Bot\TCG\Library\PackageCache\com.unity.visualscripting@1.7.8\Editor\VisualScripting.Core\Dependencies\YamlDotNet\Unity.VisualScripting.YamlDotNet.dll
Symbol file LoadedFromMemory doesn't match image C:\Users\COMPUTER\Documents\GitHub\Mario\TCG_Bot\TCG\Library\PackageCache\com.unity.visualscripting@1.7.8\Editor\VisualScripting.Core\Dependencies\DotNetZip\Unity.VisualScripting.IonicZip.dll
Native extension for WindowsStandalone target not found
Refreshing native plugins compatible for Editor in 1.77 ms, found 4 plugins.
Preloading 0 native plugins for Editor in 0.00 ms.
Mono: successfully reloaded assembly
- Completed reload, in  2.864 seconds
Domain Reload Profiling:
	ReloadAssembly (2866ms)
		BeginReloadAssembly (345ms)
			ExecutionOrderSort (0ms)
			DisableScriptedObjects (17ms)
			BackupInstance (0ms)
			ReleaseScriptingObjects (1ms)
			CreateAndSetChildDomain (105ms)
		EndReloadAssembly (2296ms)
			LoadAssemblies (276ms)
			RebuildTransferFunctionScriptingTraits (0ms)
			SetupTypeCache (607ms)
			ReleaseScriptCaches (5ms)
			RebuildScriptCaches (107ms)
			SetupLoadedEditorAssemblies (1197ms)
				LogAssemblyErrors (0ms)
				InitializePlatformSupportModulesInManaged (49ms)
				SetLoadedEditorAssemblies (2ms)
				RefreshPlugins (2ms)
				BeforeProcessingInitializeOnLoad (257ms)
				ProcessInitializeOnLoadAttributes (751ms)
				ProcessInitializeOnLoadMethodAttributes (129ms)
				AfterProcessingInitializeOnLoad (6ms)
				EditorAssembliesLoaded (0ms)
			ExecutionOrderSort2 (0ms)
			AwakeInstancesAfterBackupRestoration (28ms)
Platform modules already initialized, skipping
Refreshing native plugins compatible for Editor in 5.86 ms, found 4 plugins.
Preloading 0 native plugins for Editor in 0.00 ms.
Unloading 4071 Unused Serialized files (Serialized files now loaded: 0)
Unloading 27 unused Assets / (24.8 KB). Loaded Objects now: 4606.
Memory consumption went from 152.0 MB to 151.9 MB.
Total: 8.695600 ms (FindLiveObjects: 0.909600 ms CreateObjectMapping: 0.581900 ms MarkObjects: 7.098800 ms  DeleteObjects: 0.102000 ms)

AssetImportParameters requested are different than current active one (requested -> active):
  custom:video-decoder-ogg-theora: a1e56fd34408186e4bbccfd4996cb3dc -> 
  custom:container-muxer-webm: aa71ff27fc2769a1b78a27578f13a17b -> 
  custom:container-demuxer-webm: 4f35f7cbe854078d1ac9338744f61a02 -> 
  custom:video-encoder-webm-vp8: eb34c28f22e8b96e1ab97ce403110664 -> 
  custom:audio-encoder-webm-vorbis: bf7c407c2cedff20999df2af8eb42d56 -> 
  custom:framework-win-MediaFoundation: 216162199b28c13a410421893ffa2e32 -> 
  custom:container-demuxer-ogg: 62fdf1f143b41e24485cea50d1cbac27 -> 
  custom:video-decoder-webm-vp8: 9c59270c3fd7afecdb556c50c9e8de78 -> 
  custom:audio-decoder-ogg-vorbis: bf7c407c2cedff20999df2af8eb42d56 -> 
========================================================================
Received Prepare
Registering precompiled user dll's ...
Registered in 0.017002 seconds.
Begin MonoManager ReloadAssembly
Symbol file LoadedFromMemory doesn't match image C:\Users\COMPUTER\Documents\GitHub\Mario\TCG_Bot\TCG\Library\PackageCache\com.unity.visualscripting@1.7.8\Editor\VisualScripting.Core\Dependencies\YamlDotNet\Unity.VisualScripting.YamlDotNet.dll
Symbol file LoadedFromMemory doesn't match image C:\Users\COMPUTER\Documents\GitHub\Mario\TCG_Bot\TCG\Library\PackageCache\com.unity.visualscripting@1.7.8\Editor\VisualScripting.Core\Dependencies\DotNetZip\Unity.VisualScripting.IonicZip.dll
Native extension for WindowsStandalone target not found
Refreshing native plugins compatible for Editor in 5.28 ms, found 4 plugins.
Preloading 0 native plugins for Editor in 0.00 ms.
Mono: successfully reloaded assembly
- Completed reload, in  6.273 seconds
Domain Reload Profiling:
	ReloadAssembly (6279ms)
		BeginReloadAssembly (764ms)
			ExecutionOrderSort (0ms)
			DisableScriptedObjects (43ms)
			BackupInstance (0ms)
			ReleaseScriptingObjects (1ms)
			CreateAndSetChildDomain (206ms)
		EndReloadAssembly (5043ms)
			LoadAssemblies (471ms)
			RebuildTransferFunctionScriptingTraits (0ms)
			SetupTypeCache (1319ms)
			ReleaseScriptCaches (7ms)
			RebuildScriptCaches (273ms)
			SetupLoadedEditorAssemblies (2525ms)
				LogAssemblyErrors (0ms)
				InitializePlatformSupportModulesInManaged (63ms)
				SetLoadedEditorAssemblies (3ms)
				RefreshPlugins (5ms)
				BeforeProcessingInitializeOnLoad (480ms)
				ProcessInitializeOnLoadAttributes (1684ms)
				ProcessInitializeOnLoadMethodAttributes (257ms)
				AfterProcessingInitializeOnLoad (32ms)
				EditorAssembliesLoaded (0ms)
			ExecutionOrderSort2 (0ms)
			AwakeInstancesAfterBackupRestoration (57ms)
Platform modules already initialized, skipping
Refreshing native plugins compatible for Editor in 14.97 ms, found 4 plugins.
Preloading 0 native plugins for Editor in 0.00 ms.
Unloading 4071 Unused Serialized files (Serialized files now loaded: 0)
Unloading 27 unused Assets / (25.9 KB). Loaded Objects now: 4609.
Memory consumption went from 152.0 MB to 151.9 MB.
Total: 11.674800 ms (FindLiveObjects: 0.938000 ms CreateObjectMapping: 0.714800 ms MarkObjects: 9.907100 ms  DeleteObjects: 0.111500 ms)

AssetImportParameters requested are different than current active one (requested -> active):
  custom:video-decoder-ogg-theora: a1e56fd34408186e4bbccfd4996cb3dc -> 
  custom:container-muxer-webm: aa71ff27fc2769a1b78a27578f13a17b -> 
  custom:container-demuxer-webm: 4f35f7cbe854078d1ac9338744f61a02 -> 
  custom:video-encoder-webm-vp8: eb34c28f22e8b96e1ab97ce403110664 -> 
  custom:audio-encoder-webm-vorbis: bf7c407c2cedff20999df2af8eb42d56 -> 
  custom:framework-win-MediaFoundation: 216162199b28c13a410421893ffa2e32 -> 
  custom:container-demuxer-ogg: 62fdf1f143b41e24485cea50d1cbac27 -> 
  custom:video-decoder-webm-vp8: 9c59270c3fd7afecdb556c50c9e8de78 -> 
  custom:audio-decoder-ogg-vorbis: bf7c407c2cedff20999df2af8eb42d56 -> 
========================================================================
Received Import Request.
  Time since last request: 44353.451492 seconds.
  path: Assets/DOTween/Editor/Imgs/DOTweenIcon.png
  artifactKey: Guid(5b293aee3ebee924c872ce433da9358d) Importer(815301076,1909f56bfc062723c751e8b465ee728b)
Start importing Assets/DOTween/Editor/Imgs/DOTweenIcon.png using Guid(5b293aee3ebee924c872ce433da9358d) Importer(815301076,1909f56bfc062723c751e8b465ee728b)  -> (artifact id: '56df948c22249d44ce28f8a9f7fe295d') in 2.330362 seconds 
========================================================================
Received Import Request.
  Time since last request: 0.055777 seconds.
  path: Assets/Sprite/Skills/release_v1.2-single_2.png
  artifactKey: Guid(cf528f55e5d972d4b8100a039235be6a) Importer(815301076,1909f56bfc062723c751e8b465ee728b)
Start importing Assets/Sprite/Skills/release_v1.2-single_2.png using Guid(cf528f55e5d972d4b8100a039235be6a) Importer(815301076,1909f56bfc062723c751e8b465ee728b)  -> (artifact id: '613d868fb1b489677db55df05ab02214') in 0.189877 seconds 
========================================================================
Received Import Request.
  Time since last request: 0.010368 seconds.
  path: Assets/Sprite/Skills/release_v1.2.png
  artifactKey: Guid(5b263a202fabe6f46b514569795db890) Importer(815301076,1909f56bfc062723c751e8b465ee728b)
Start importing Assets/Sprite/Skills/release_v1.2.png using Guid(5b263a202fabe6f46b514569795db890) Importer(815301076,1909f56bfc062723c751e8b465ee728b)  -> (artifact id: 'b96067a30454eb12d5fc32433b0f01de') in 0.316245 seconds 
========================================================================
Received Import Request.
  Time since last request: 0.000054 seconds.
  path: Assets/Sprite/XXXX/File.png
  artifactKey: Guid(5ba4e42494f0cbc46aaa63959414ecca) Importer(815301076,1909f56bfc062723c751e8b465ee728b)
Start importing Assets/Sprite/XXXX/File.png using Guid(5ba4e42494f0cbc46aaa63959414ecca) Importer(815301076,1909f56bfc062723c751e8b465ee728b)  -> (artifact id: 'd0512794d03acc7836754c1e9bd96309') in 0.323840 seconds 
========================================================================
Received Import Request.
  Time since last request: 0.077502 seconds.
  path: Assets/Sprite/Items/File.png
  artifactKey: Guid(6aa8b6e4299a01f448d4f243d13b791b) Importer(815301076,1909f56bfc062723c751e8b465ee728b)
Start importing Assets/Sprite/Items/File.png using Guid(6aa8b6e4299a01f448d4f243d13b791b) Importer(815301076,1909f56bfc062723c751e8b465ee728b)  -> (artifact id: 'e232d20decf2a4e36a92e63611a248e1') in 0.074124 seconds 
========================================================================
Received Import Request.
  Time since last request: 0.020075 seconds.
  path: Assets/DOTween/Editor/Imgs/Footer.png
  artifactKey: Guid(c310e34073ef16f4a9cfd895842685c5) Importer(815301076,1909f56bfc062723c751e8b465ee728b)
Start importing Assets/DOTween/Editor/Imgs/Footer.png using Guid(c310e34073ef16f4a9cfd895842685c5) Importer(815301076,1909f56bfc062723c751e8b465ee728b)  -> (artifact id: 'd3acca17e8543d85d46b46c15f870fef') in 0.134650 seconds 
========================================================================
Received Import Request.
  Time since last request: 0.000055 seconds.
  path: Assets/Sprite/Items/Potion Pack.png
  artifactKey: Guid(3ebddb1a9c8158f48bce58a4a3c26652) Importer(815301076,1909f56bfc062723c751e8b465ee728b)
Start importing Assets/Sprite/Items/Potion Pack.png using Guid(3ebddb1a9c8158f48bce58a4a3c26652) Importer(815301076,1909f56bfc062723c751e8b465ee728b)  -> (artifact id: '9fa8716186c7a312f5fc258aae76ff50') in 0.195587 seconds 
========================================================================
Received Import Request.
  Time since last request: 0.063388 seconds.
  path: Assets/Sprite/Keyboard & Controller Keys/Keyboard White Corn.png
  artifactKey: Guid(ac18927bbdd27a247b0d5cc30ae7ff3e) Importer(815301076,1909f56bfc062723c751e8b465ee728b)
Start importing Assets/Sprite/Keyboard & Controller Keys/Keyboard White Corn.png using Guid(ac18927bbdd27a247b0d5cc30ae7ff3e) Importer(815301076,1909f56bfc062723c751e8b465ee728b)  -> (artifact id: '1d70fe09e4db4d1b88b1ec7aa9533bbb') in 0.228345 seconds 
========================================================================
Received Import Request.
  Time since last request: 0.012091 seconds.
  path: Assets/Sprite/Keyboard & Controller Keys/Keyboard Black Corn.png
  artifactKey: Guid(46d218c7668a0e0468d15e71e1547602) Importer(815301076,1909f56bfc062723c751e8b465ee728b)
Start importing Assets/Sprite/Keyboard & Controller Keys/Keyboard Black Corn.png using Guid(46d218c7668a0e0468d15e71e1547602) Importer(815301076,1909f56bfc062723c751e8b465ee728b)  -> (artifact id: '7f4f28892599f624b02c465965ec0ddf') in 0.214876 seconds 
========================================================================
Received Import Request.
  Time since last request: 0.001221 seconds.
  path: Assets/DOTween/Editor/Imgs/DOTweenMiniIcon.png
  artifactKey: Guid(f4f3592b665e6354eb0cb01faff3920c) Importer(815301076,1909f56bfc062723c751e8b465ee728b)
Start importing Assets/DOTween/Editor/Imgs/DOTweenMiniIcon.png using Guid(f4f3592b665e6354eb0cb01faff3920c) Importer(815301076,1909f56bfc062723c751e8b465ee728b)  -> (artifact id: 'a6b1467683a778601bd93d78e73a71ab') in 0.177442 seconds 
========================================================================
Received Import Request.
  Time since last request: 1.763261 seconds.
  path: Assets/Sprite/Skills/release_v1.2-single_4.png
  artifactKey: Guid(1ec3b0244e369464e96efb0839c949cf) Importer(815301076,1909f56bfc062723c751e8b465ee728b)
Start importing Assets/Sprite/Skills/release_v1.2-single_4.png using Guid(1ec3b0244e369464e96efb0839c949cf) Importer(815301076,1909f56bfc062723c751e8b465ee728b)  -> (artifact id: '3b6f1d96caa9d0d6a234feb56b567125') in 0.170719 seconds 
========================================================================
Received Import Request.
  Time since last request: 0.000055 seconds.
  path: Assets/Sprite/Skills/release_v1.2-single_5.png
  artifactKey: Guid(6bee9cb5469521448bbaf9377709c297) Importer(815301076,1909f56bfc062723c751e8b465ee728b)
Start importing Assets/Sprite/Skills/release_v1.2-single_5.png using Guid(6bee9cb5469521448bbaf9377709c297) Importer(815301076,1909f56bfc062723c751e8b465ee728b)  -> (artifact id: 'd8a6cb0d8a3f51872355b08758c8d6a5') in 0.217597 seconds 
========================================================================
Received Import Request.
  Time since last request: 0.000072 seconds.
  path: Assets/Sprite/Skills/release_v1.2-single_7.png
  artifactKey: Guid(1c8079d6a34aaa74a9dd2c25d0c2c98a) Importer(815301076,1909f56bfc062723c751e8b465ee728b)
Start importing Assets/Sprite/Skills/release_v1.2-single_7.png using Guid(1c8079d6a34aaa74a9dd2c25d0c2c98a) Importer(815301076,1909f56bfc062723c751e8b465ee728b)  -> (artifact id: 'acbb960201be4f89bc6ec42ce690da66') in 0.170807 seconds 
========================================================================
Received Import Request.
  Time since last request: 0.018546 seconds.
  path: Assets/Sprite/Skills/release_v1.2-single_8.png
  artifactKey: Guid(f2335a9c53254db408c40414be61926c) Importer(815301076,1909f56bfc062723c751e8b465ee728b)
Start importing Assets/Sprite/Skills/release_v1.2-single_8.png using Guid(f2335a9c53254db408c40414be61926c) Importer(815301076,1909f56bfc062723c751e8b465ee728b)  -> (artifact id: '26eb80ff5cca8de2c20e55d16109b8ed') in 0.177057 seconds 
========================================================================
Received Import Request.
  Time since last request: 0.095276 seconds.
  path: Assets/Sprite/Skills/release_v1.2-single_9.png
  artifactKey: Guid(ed48ab154c8cecd41b72860568b7e9f1) Importer(815301076,1909f56bfc062723c751e8b465ee728b)
Start importing Assets/Sprite/Skills/release_v1.2-single_9.png using Guid(ed48ab154c8cecd41b72860568b7e9f1) Importer(815301076,1909f56bfc062723c751e8b465ee728b)  -> (artifact id: '681d1cf694f49b88578e58c1acc1bddf') in 0.130183 seconds 
========================================================================
Received Import Request.
  Time since last request: 0.889876 seconds.
  path: Assets/Sprite/Skills/release_v1.2-single_12.png
  artifactKey: Guid(603c2c283fb61f44587a843a51d06d88) Importer(815301076,1909f56bfc062723c751e8b465ee728b)
Start importing Assets/Sprite/Skills/release_v1.2-single_12.png using Guid(603c2c283fb61f44587a843a51d06d88) Importer(815301076,1909f56bfc062723c751e8b465ee728b)  -> (artifact id: 'f8ab42f2b487d1b6be22e52cd2653ba2') in 0.165733 seconds 
========================================================================
Received Import Request.
  Time since last request: 0.050370 seconds.
  path: Assets/Sprite/Skills/release_v1.2-single_13.png
  artifactKey: Guid(9285537d226d42247b8fe97522688325) Importer(815301076,1909f56bfc062723c751e8b465ee728b)
Start importing Assets/Sprite/Skills/release_v1.2-single_13.png using Guid(9285537d226d42247b8fe97522688325) Importer(815301076,1909f56bfc062723c751e8b465ee728b)  -> (artifact id: 'e237dc19abc11990f4e7585ced27a4d8') in 0.174102 seconds 
========================================================================
Received Import Request.
  Time since last request: 0.005749 seconds.
  path: Assets/Sprite/Skills/release_v1.2-single_18.png
  artifactKey: Guid(85f724124da977c4d8f7f78fe1b8e952) Importer(815301076,1909f56bfc062723c751e8b465ee728b)
Start importing Assets/Sprite/Skills/release_v1.2-single_18.png using Guid(85f724124da977c4d8f7f78fe1b8e952) Importer(815301076,1909f56bfc062723c751e8b465ee728b)  -> (artifact id: 'b9d53bd050c989f67dc246e471d5ea19') in 0.185897 seconds 
========================================================================
Received Import Request.
  Time since last request: 0.063313 seconds.
  path: Assets/Sprite/Skills/release_v1.2-single_15.png
  artifactKey: Guid(41cb4296b7b81cc4abcc162ccd036101) Importer(815301076,1909f56bfc062723c751e8b465ee728b)
Start importing Assets/Sprite/Skills/release_v1.2-single_15.png using Guid(41cb4296b7b81cc4abcc162ccd036101) Importer(815301076,1909f56bfc062723c751e8b465ee728b)  -> (artifact id: 'da48122a484b21d7bce7b17106837444') in 0.164352 seconds 
========================================================================
Received Import Request.
  Time since last request: 0.499211 seconds.
  path: Assets/Sprite/Skills/release_v1.2-single_20.png
  artifactKey: Guid(5bb773ca336872f4ab052d7dfd4ecd6f) Importer(815301076,1909f56bfc062723c751e8b465ee728b)
Start importing Assets/Sprite/Skills/release_v1.2-single_20.png using Guid(5bb773ca336872f4ab052d7dfd4ecd6f) Importer(815301076,1909f56bfc062723c751e8b465ee728b)  -> (artifact id: 'aa7ea9ba0b49e69f8544a8d7a0000412') in 0.212579 seconds 
========================================================================
Received Import Request.
  Time since last request: 0.000054 seconds.
  path: Assets/Sprite/Skills/release_v1.2-single_21.png
  artifactKey: Guid(9684ba25938c2a14794c956e87347151) Importer(815301076,1909f56bfc062723c751e8b465ee728b)
Start importing Assets/Sprite/Skills/release_v1.2-single_21.png using Guid(9684ba25938c2a14794c956e87347151) Importer(815301076,1909f56bfc062723c751e8b465ee728b)  -> (artifact id: 'd2df1f82177f589f3bff6af3cafef0ef') in 0.155636 seconds 
========================================================================
Received Import Request.
  Time since last request: 0.414892 seconds.
  path: Assets/Sprite/Skills/release_v1.2-single_24.png
  artifactKey: Guid(97d773c1a0e24014fb2c47643ce862bf) Importer(815301076,1909f56bfc062723c751e8b465ee728b)
Start importing Assets/Sprite/Skills/release_v1.2-single_24.png using Guid(97d773c1a0e24014fb2c47643ce862bf) Importer(815301076,1909f56bfc062723c751e8b465ee728b)  -> (artifact id: 'adf4a9d01221481d572e456bce2c6a40') in 0.162758 seconds 
========================================================================
Received Import Request.
  Time since last request: 0.000053 seconds.
  path: Assets/Sprite/Skills/release_v1.2-single_26.png
  artifactKey: Guid(3f892451ab869344aac001c052e8bd23) Importer(815301076,1909f56bfc062723c751e8b465ee728b)
Start importing Assets/Sprite/Skills/release_v1.2-single_26.png using Guid(3f892451ab869344aac001c052e8bd23) Importer(815301076,1909f56bfc062723c751e8b465ee728b)  -> (artifact id: '6af3ed3b99a49d453245907d492c35b2') in 0.295826 seconds 
========================================================================
Received Import Request.
  Time since last request: 0.000070 seconds.
  path: Assets/Sprite/Skills/release_v1.2-single_29.png
  artifactKey: Guid(58bfc26fb1da7224a86510213101f5c9) Importer(815301076,1909f56bfc062723c751e8b465ee728b)
Start importing Assets/Sprite/Skills/release_v1.2-single_29.png using Guid(58bfc26fb1da7224a86510213101f5c9) Importer(815301076,1909f56bfc062723c751e8b465ee728b)  -> (artifact id: 'b28e852c467c674209a48b330885947e') in 0.412564 seconds 
========================================================================
Received Import Request.
  Time since last request: 0.024469 seconds.
  path: Assets/Sprite/Skills/release_v1.2-single_34.png
  artifactKey: Guid(0328be73fb433b547b0bf4d6f679cad9) Importer(815301076,1909f56bfc062723c751e8b465ee728b)
Start importing Assets/Sprite/Skills/release_v1.2-single_34.png using Guid(0328be73fb433b547b0bf4d6f679cad9) Importer(815301076,1909f56bfc062723c751e8b465ee728b)  -> (artifact id: 'c47941a11df0d3f25bdc02da77ba9bcd') in 0.201187 seconds 
========================================================================
Received Import Request.
  Time since last request: 0.000053 seconds.
  path: Assets/Sprite/Skills/release_v1.2-single_28.png
  artifactKey: Guid(10a782cf0befe3045a69951d668cfbcb) Importer(815301076,1909f56bfc062723c751e8b465ee728b)
Start importing Assets/Sprite/Skills/release_v1.2-single_28.png using Guid(10a782cf0befe3045a69951d668cfbcb) Importer(815301076,1909f56bfc062723c751e8b465ee728b)  -> (artifact id: '7e0a1403f4959231dc2261e3863c0952') in 0.145116 seconds 
========================================================================
Received Import Request.
  Time since last request: 0.043985 seconds.
  path: Assets/Sprite/Skills/release_v1.2-single_31.png
  artifactKey: Guid(f68ecf9ef1df6af4a86a6032595d11c6) Importer(815301076,1909f56bfc062723c751e8b465ee728b)
Start importing Assets/Sprite/Skills/release_v1.2-single_31.png using Guid(f68ecf9ef1df6af4a86a6032595d11c6) Importer(815301076,1909f56bfc062723c751e8b465ee728b)  -> (artifact id: '000e5aa5f930e54c163686682f497237') in 0.257568 seconds 
========================================================================
Received Import Request.
  Time since last request: 0.003618 seconds.
  path: Assets/Sprite/Skills/release_v1.2-single_38.png
  artifactKey: Guid(fad16db9582bd7445bce30dbf6cfcf7f) Importer(815301076,1909f56bfc062723c751e8b465ee728b)
Start importing Assets/Sprite/Skills/release_v1.2-single_38.png using Guid(fad16db9582bd7445bce30dbf6cfcf7f) Importer(815301076,1909f56bfc062723c751e8b465ee728b)  -> (artifact id: 'e25f671d9f15104d23e73e1bfc21244a') in 0.146999 seconds 
========================================================================
Received Import Request.
  Time since last request: 0.000051 seconds.
  path: Assets/Sprite/Skills/release_v1.2-single_40.png
  artifactKey: Guid(e7b19f8e7942dd7438b3d489172b65ce) Importer(815301076,1909f56bfc062723c751e8b465ee728b)
Start importing Assets/Sprite/Skills/release_v1.2-single_40.png using Guid(e7b19f8e7942dd7438b3d489172b65ce) Importer(815301076,1909f56bfc062723c751e8b465ee728b)  -> (artifact id: '127c7166f3b672e60d37a67152303152') in 0.184340 seconds 
========================================================================
Received Import Request.
  Time since last request: 0.000328 seconds.
  path: Assets/Sprite/Skills/release_v1.2-single_32.png
  artifactKey: Guid(27ba713fd4c74cb49accba91e1dd085d) Importer(815301076,1909f56bfc062723c751e8b465ee728b)
Start importing Assets/Sprite/Skills/release_v1.2-single_32.png using Guid(27ba713fd4c74cb49accba91e1dd085d) Importer(815301076,1909f56bfc062723c751e8b465ee728b)  -> (artifact id: '3a61e2ddfbd67c37f690652221fa91ce') in 0.170326 seconds 
========================================================================
Received Import Request.
  Time since last request: 0.000070 seconds.
  path: Assets/Sprite/Skills/release_v1.2-single_36.png
  artifactKey: Guid(8d5b930e1d15b1f4b8574993bc56e5c4) Importer(815301076,1909f56bfc062723c751e8b465ee728b)
Start importing Assets/Sprite/Skills/release_v1.2-single_36.png using Guid(8d5b930e1d15b1f4b8574993bc56e5c4) Importer(815301076,1909f56bfc062723c751e8b465ee728b)  -> (artifact id: 'eccf2c5e7ef636e603428a68b37949e0') in 0.175813 seconds 
========================================================================
Received Import Request.
  Time since last request: 0.038467 seconds.
  path: Assets/Sprite/Skills/release_v1.2-single_41.png
  artifactKey: Guid(95eb336829a86f347b9b5c225c9c0610) Importer(815301076,1909f56bfc062723c751e8b465ee728b)
Start importing Assets/Sprite/Skills/release_v1.2-single_41.png using Guid(95eb336829a86f347b9b5c225c9c0610) Importer(815301076,1909f56bfc062723c751e8b465ee728b)  -> (artifact id: '414114e8c844d13cb8896dd73a973afb') in 0.211054 seconds 
========================================================================
Received Import Request.
  Time since last request: 0.075543 seconds.
  path: Assets/Sprite/Skills/release_v1.2-single_45.png
  artifactKey: Guid(24c900d8464db5f47a0fd509ed24a887) Importer(815301076,1909f56bfc062723c751e8b465ee728b)
Start importing Assets/Sprite/Skills/release_v1.2-single_45.png using Guid(24c900d8464db5f47a0fd509ed24a887) Importer(815301076,1909f56bfc062723c751e8b465ee728b)  -> (artifact id: 'c27994d0d8389feaa87f51e9acbd175e') in 0.206558 seconds 
========================================================================
Received Import Request.
  Time since last request: 0.008308 seconds.
  path: Assets/Sprite/Skills/release_v1.2-single_44.png
  artifactKey: Guid(c91690582c621784bbc5eeb284967463) Importer(815301076,1909f56bfc062723c751e8b465ee728b)
Start importing Assets/Sprite/Skills/release_v1.2-single_44.png using Guid(c91690582c621784bbc5eeb284967463) Importer(815301076,1909f56bfc062723c751e8b465ee728b)  -> (artifact id: 'd0890b097c9a27e42b66597a5fde7c8e') in 0.160097 seconds 
========================================================================
Received Import Request.
  Time since last request: 0.000348 seconds.
  path: Assets/Sprite/Skills/release_v1.2-single_49.png
  artifactKey: Guid(6943713ee38fd2448b4a38de058588cc) Importer(815301076,1909f56bfc062723c751e8b465ee728b)
Start importing Assets/Sprite/Skills/release_v1.2-single_49.png using Guid(6943713ee38fd2448b4a38de058588cc) Importer(815301076,1909f56bfc062723c751e8b465ee728b)  -> (artifact id: '6c62f68aebb6eebcf0f37c0f9ba9ad55') in 0.178109 seconds 
========================================================================
Received Import Request.
  Time since last request: 0.048292 seconds.
  path: Assets/Sprite/Skills/release_v1.2-single_48.png
  artifactKey: Guid(7d22d260287d50c4da00abaf1338d08e) Importer(815301076,1909f56bfc062723c751e8b465ee728b)
Start importing Assets/Sprite/Skills/release_v1.2-single_48.png using Guid(7d22d260287d50c4da00abaf1338d08e) Importer(815301076,1909f56bfc062723c751e8b465ee728b)  -> (artifact id: 'be68277c8c7ef345b111af1b94e66552') in 0.208303 seconds 
========================================================================
Received Import Request.
  Time since last request: 0.156318 seconds.
  path: Assets/Sprite/Skills/release_v1.2-single_52.png
  artifactKey: Guid(834524211c7dfce47b429c29c4c58350) Importer(815301076,1909f56bfc062723c751e8b465ee728b)
Start importing Assets/Sprite/Skills/release_v1.2-single_52.png using Guid(834524211c7dfce47b429c29c4c58350) Importer(815301076,1909f56bfc062723c751e8b465ee728b)  -> (artifact id: '97a2baa8febf3002f7f171ce531099fb') in 0.212651 seconds 
========================================================================
Received Import Request.
  Time since last request: 0.045201 seconds.
  path: Assets/Sprite/Skills/release_v1.2-single_53.png
  artifactKey: Guid(dd8a8c2aa7457e440b054f7c28836677) Importer(815301076,1909f56bfc062723c751e8b465ee728b)
Start importing Assets/Sprite/Skills/release_v1.2-single_53.png using Guid(dd8a8c2aa7457e440b054f7c28836677) Importer(815301076,1909f56bfc062723c751e8b465ee728b)  -> (artifact id: 'f082348cd3c69ec7a933d7c3b61eb70c') in 0.193400 seconds 
========================================================================
Received Import Request.
  Time since last request: 0.678985 seconds.
  path: Assets/Sprite/Skills/release_v1.2-single_56.png
  artifactKey: Guid(a412fdc23b027ec4caa834a6fbc0418c) Importer(815301076,1909f56bfc062723c751e8b465ee728b)
Start importing Assets/Sprite/Skills/release_v1.2-single_56.png using Guid(a412fdc23b027ec4caa834a6fbc0418c) Importer(815301076,1909f56bfc062723c751e8b465ee728b)  -> (artifact id: 'ac82181d5cd5e8db5ea86e676a7f9bbd') in 0.130792 seconds 
========================================================================
Received Import Request.
  Time since last request: 0.018516 seconds.
  path: Assets/Sprite/Skills/release_v1.2-single_60.png
  artifactKey: Guid(2f85ff11b9eed464bb26f1876e8849f4) Importer(815301076,1909f56bfc062723c751e8b465ee728b)
Start importing Assets/Sprite/Skills/release_v1.2-single_60.png using Guid(2f85ff11b9eed464bb26f1876e8849f4) Importer(815301076,1909f56bfc062723c751e8b465ee728b)  -> (artifact id: '8eaa989b60fad58c930e8837d228530f') in 0.157210 seconds 
========================================================================
Received Import Request.
  Time since last request: 0.061322 seconds.
  path: Assets/Sprite/Skills/release_v1.2-single_58.png
  artifactKey: Guid(5b63a5d2bda959d41b9ba379bdfc5b05) Importer(815301076,1909f56bfc062723c751e8b465ee728b)
Start importing Assets/Sprite/Skills/release_v1.2-single_58.png using Guid(5b63a5d2bda959d41b9ba379bdfc5b05) Importer(815301076,1909f56bfc062723c751e8b465ee728b)  -> (artifact id: '292997ee56379f5f9c371c7fb26ad318') in 0.163468 seconds 
========================================================================
Received Import Request.
  Time since last request: 0.052066 seconds.
  path: Assets/Sprite/Skills/release_v1.2-single_62.png
  artifactKey: Guid(2686d04372926144db98dcf5698a8991) Importer(815301076,1909f56bfc062723c751e8b465ee728b)
Start importing Assets/Sprite/Skills/release_v1.2-single_62.png using Guid(2686d04372926144db98dcf5698a8991) Importer(815301076,1909f56bfc062723c751e8b465ee728b)  -> (artifact id: 'd5f42810d4ba3d62bcb4c54bffccfb84') in 0.364634 seconds 
========================================================================
Received Import Request.
  Time since last request: 0.051654 seconds.
  path: Assets/Sprite/Skills/release_v1.2-single_67.png
  artifactKey: Guid(36acaa4fa35ef7f4088737329a526f32) Importer(815301076,1909f56bfc062723c751e8b465ee728b)
Start importing Assets/Sprite/Skills/release_v1.2-single_67.png using Guid(36acaa4fa35ef7f4088737329a526f32) Importer(815301076,1909f56bfc062723c751e8b465ee728b)  -> (artifact id: '41f69cfb3f5471bbaa4e5c8da60d054e') in 0.261247 seconds 
========================================================================
Received Import Request.
  Time since last request: 0.067742 seconds.
  path: Assets/Sprite/Skills/release_v1.2-single_64.png
  artifactKey: Guid(8e0b747d0d1744345ac7d383a0d4baa4) Importer(815301076,1909f56bfc062723c751e8b465ee728b)
Start importing Assets/Sprite/Skills/release_v1.2-single_64.png using Guid(8e0b747d0d1744345ac7d383a0d4baa4) Importer(815301076,1909f56bfc062723c751e8b465ee728b)  -> (artifact id: 'ed7ec85c2827ab51de58bbb06eca4b37') in 0.207690 seconds 
========================================================================
Received Import Request.
  Time since last request: 0.024279 seconds.
  path: Assets/Sprite/Skills/release_v1.2-single_69.png
  artifactKey: Guid(637bed101ed806a49812cfadefbdb740) Importer(815301076,1909f56bfc062723c751e8b465ee728b)
Start importing Assets/Sprite/Skills/release_v1.2-single_69.png using Guid(637bed101ed806a49812cfadefbdb740) Importer(815301076,1909f56bfc062723c751e8b465ee728b)  -> (artifact id: 'b57dfaa0dc70fbc2643b7149f67e08c4') in 0.164815 seconds 
========================================================================
Received Import Request.
  Time since last request: 0.004426 seconds.
  path: Assets/Sprite/Skills/release_v1.2-single_71.png
  artifactKey: Guid(c0ed7fd81dd7a0b48aa1d969e8df78ed) Importer(815301076,1909f56bfc062723c751e8b465ee728b)
Start importing Assets/Sprite/Skills/release_v1.2-single_71.png using Guid(c0ed7fd81dd7a0b48aa1d969e8df78ed) Importer(815301076,1909f56bfc062723c751e8b465ee728b)  -> (artifact id: 'f8f34e21974a44bf0cd33abcf5faeae3') in 0.225669 seconds 
========================================================================
Received Import Request.
  Time since last request: 0.000075 seconds.
  path: Assets/Sprite/Skills/release_v1.2-single_74.png
  artifactKey: Guid(865ce1fb5ce9a9243923f73a254a60ca) Importer(815301076,1909f56bfc062723c751e8b465ee728b)
Start importing Assets/Sprite/Skills/release_v1.2-single_74.png using Guid(865ce1fb5ce9a9243923f73a254a60ca) Importer(815301076,1909f56bfc062723c751e8b465ee728b)  -> (artifact id: '3da693161c0d0127db6ff5e46cbb3f4b') in 0.160050 seconds 
========================================================================
Received Import Request.
  Time since last request: 0.000398 seconds.
  path: Assets/Sprite/Skills/release_v1.2-single_76.png
  artifactKey: Guid(4e04a49f752e74d4da24c8edeb5e98c9) Importer(815301076,1909f56bfc062723c751e8b465ee728b)
Start importing Assets/Sprite/Skills/release_v1.2-single_76.png using Guid(4e04a49f752e74d4da24c8edeb5e98c9) Importer(815301076,1909f56bfc062723c751e8b465ee728b)  -> (artifact id: 'f610c1673bbccea500ba22ab54461937') in 0.191772 seconds 
========================================================================
Received Import Request.
  Time since last request: 0.000053 seconds.
  path: Assets/Sprite/Skills/release_v1.2-single_78.png
  artifactKey: Guid(a524cc80b410b784ba5160e741c1e4a0) Importer(815301076,1909f56bfc062723c751e8b465ee728b)
Start importing Assets/Sprite/Skills/release_v1.2-single_78.png using Guid(a524cc80b410b784ba5160e741c1e4a0) Importer(815301076,1909f56bfc062723c751e8b465ee728b)  -> (artifact id: 'fee213e47a049f6f436064bd764133df') in 0.153232 seconds 
========================================================================
Received Import Request.
  Time since last request: 0.000068 seconds.
  path: Assets/Sprite/Skills/release_v1.2-single_77.png
  artifactKey: Guid(cb1ffa675470f814bbb7038cadd80299) Importer(815301076,1909f56bfc062723c751e8b465ee728b)
Start importing Assets/Sprite/Skills/release_v1.2-single_77.png using Guid(cb1ffa675470f814bbb7038cadd80299) Importer(815301076,1909f56bfc062723c751e8b465ee728b)  -> (artifact id: 'f15a7d1b7e702a3ee8f12d51b32281a7') in 0.083429 seconds 
========================================================================
Received Import Request.
  Time since last request: 0.374021 seconds.
  path: Assets/Sprite/Skills/release_v1.2-single_90.png
  artifactKey: Guid(5ed514057189cac47988b71dd515c970) Importer(815301076,1909f56bfc062723c751e8b465ee728b)
Start importing Assets/Sprite/Skills/release_v1.2-single_90.png using Guid(5ed514057189cac47988b71dd515c970) Importer(815301076,1909f56bfc062723c751e8b465ee728b)  -> (artifact id: '1ee39a18e37b4255efb406916e7288d3') in 0.336621 seconds 
========================================================================
Received Import Request.
  Time since last request: 0.000049 seconds.
  path: Assets/Sprite/Skills/release_v1.2-single_94.png
  artifactKey: Guid(d67ebe659d9822b41acb6d43cba9f6ba) Importer(815301076,1909f56bfc062723c751e8b465ee728b)
Start importing Assets/Sprite/Skills/release_v1.2-single_94.png using Guid(d67ebe659d9822b41acb6d43cba9f6ba) Importer(815301076,1909f56bfc062723c751e8b465ee728b)  -> (artifact id: 'ff58a028912874e346173ab309c82fe5') in 0.347351 seconds 
========================================================================
Received Import Request.
  Time since last request: 0.000066 seconds.
  path: Assets/Sprite/Skills/release_v1.2-single_98.png
  artifactKey: Guid(d5dac0c76814c6c4ebf78257d00f3cd8) Importer(815301076,1909f56bfc062723c751e8b465ee728b)
Start importing Assets/Sprite/Skills/release_v1.2-single_98.png using Guid(d5dac0c76814c6c4ebf78257d00f3cd8) Importer(815301076,1909f56bfc062723c751e8b465ee728b)  -> (artifact id: '16f38ce159935baea45642a065b88ec9') in 0.222371 seconds 
========================================================================
Received Import Request.
  Time since last request: 0.059925 seconds.
  path: Assets/Sprite/Skills/release_v1.2-single_99.png
  artifactKey: Guid(3561a8699595af246b5f25546410d275) Importer(815301076,1909f56bfc062723c751e8b465ee728b)
Start importing Assets/Sprite/Skills/release_v1.2-single_99.png using Guid(3561a8699595af246b5f25546410d275) Importer(815301076,1909f56bfc062723c751e8b465ee728b)  -> (artifact id: 'e9e89f8242df0c8bada05a3f5fe9e30a') in 0.201698 seconds 
========================================================================
Received Import Request.
  Time since last request: 0.000053 seconds.
  path: Assets/Sprite/Items/Shield Pack.png
  artifactKey: Guid(b9a8a1f03865a0541adb887ece7eae9f) Importer(815301076,1909f56bfc062723c751e8b465ee728b)
Start importing Assets/Sprite/Items/Shield Pack.png using Guid(b9a8a1f03865a0541adb887ece7eae9f) Importer(815301076,1909f56bfc062723c751e8b465ee728b)  -> (artifact id: 'e6642fd818b7f6722fec99259fc143bf') in 0.321834 seconds 
========================================================================
Received Import Request.
  Time since last request: 0.000067 seconds.
  path: Assets/Sprite/XXXX/The Humble Item Pack.png
  artifactKey: Guid(5d6fa860a63479e42a4a517f79933929) Importer(815301076,1909f56bfc062723c751e8b465ee728b)
Start importing Assets/Sprite/XXXX/The Humble Item Pack.png using Guid(5d6fa860a63479e42a4a517f79933929) Importer(815301076,1909f56bfc062723c751e8b465ee728b)  -> (artifact id: '8f30eb98343fcf921217e5f21b502221') in 0.234404 seconds 
Editor requested this worker to shutdown with reason: Scaling down because of idle timeout
AssetImportWorker is now disconnected from the server
Process exiting
Exiting without the bug reporter. Application will terminate with return code 0